#
# There is insufficient memory for the Java Runtime Environment to continue.
# Native memory allocation (mmap) failed to map 134217728 bytes for G1 virtual space
# Possible reasons:
#   The system is out of physical RAM or swap space
#   The process is running with CompressedOops enabled, and the Java Heap may be blocking the growth of the native heap
# Possible solutions:
#   Reduce memory load on the system
#   Increase physical memory or swap space
#   Check if swap backing store is full
#   Decrease Java heap size (-Xmx/-Xms)
#   Decrease number of Java threads
#   Decrease Java thread stack sizes (-Xss)
#   Set larger code cache with -XX:ReservedCodeCacheSize=
#   JVM is running with Unscaled Compressed Oops mode in which the Java heap is
#     placed in the first 4GB address space. The Java Heap base address is the
#     maximum limit for the native heap growth. Please use -XX:HeapBaseMinAddress
#     to set the Java Heap base and to place the Java Heap above 4GB virtual address.
# This output file may be truncated or incomplete.
#
#  Out of Memory Error (os_windows.cpp:3469), pid=5188, tid=3624
#
# JRE version:  (17.0.1+12) (build )
# Java VM: OpenJDK 64-Bit Server VM (17.0.1+12, mixed mode, sharing, tiered, compressed oops, compressed class ptrs, g1 gc, windows-amd64)
# No core dump will be written. Minidumps are not enabled by default on client versions of Windows
#

---------------  S U M M A R Y ------------

Command Line: -Dnet.bytebuddy.agent.attacher.dump= net.bytebuddy.agent.Attacher com.sun.tools.attach.VirtualMachine 9172 C:\Users\3207018\.m2\repository\net\bytebuddy\byte-buddy-agent\1.17.8\byte-buddy-agent-1.17.8.jar false 

Host: Intel Xeon Processor (SapphireRapids), 2 cores, 7G,  Windows 10 , 64 bit Build 26100 (10.0.26100.3775)
Time: Fri May 15 17:40:25 2026 India Standard Time elapsed time: 0.043369 seconds (0d 0h 0m 0s)

---------------  T H R E A D  ---------------

Current thread (0x0000023e4317b1a0):  JavaThread "Unknown thread" [_thread_in_vm, id=3624, stack(0x0000005e92d00000,0x0000005e92e00000)]

Stack: [0x0000005e92d00000,0x0000005e92e00000]
Native frames: (J=compiled Java code, j=interpreted, Vv=VM code, C=native code)
V  [jvm.dll+0x6744da]
V  [jvm.dll+0x82e144]
V  [jvm.dll+0x82f8ee]
V  [jvm.dll+0x82ff53]
V  [jvm.dll+0x245175]
V  [jvm.dll+0x6714c9]
V  [jvm.dll+0x665f92]
V  [jvm.dll+0x303c3b]
V  [jvm.dll+0x30b176]
V  [jvm.dll+0x35af1e]
V  [jvm.dll+0x35b14f]
V  [jvm.dll+0x2dab78]
V  [jvm.dll+0x2dbae4]
V  [jvm.dll+0x7ffdf1]
V  [jvm.dll+0x368c91]
V  [jvm.dll+0x7df2cc]
V  [jvm.dll+0x3eb59f]
V  [jvm.dll+0x3ed121]
C  [jli.dll+0x5277]
C  [ucrtbase.dll+0x37b0]
C  [KERNEL32.DLL+0x2e8d7]
C  [ntdll.dll+0xb14fc]


---------------  P R O C E S S  ---------------

Threads class SMR info:
_java_thread_list=0x00007ffe7e124e58, length=0, elements={
}

Java Threads: ( => current thread )

Other Threads:
  0x0000023e431bac10 GCTaskThread "GC Thread#0" [stack: 0x0000005e92e00000,0x0000005e92f00000] [id=12740]
  0x0000023e431cb690 ConcurrentGCThread "G1 Main Marker" [stack: 0x0000005e92f00000,0x0000005e93000000] [id=17864]
  0x0000023e431cf0f0 ConcurrentGCThread "G1 Conc#0" [stack: 0x0000005e93000000,0x0000005e93100000] [id=18956]

[error occurred during error reporting (printing all threads), id 0xc0000005, EXCEPTION_ACCESS_VIOLATION (0xc0000005) at pc=0x00007ffe7d8fb5f7]

VM state: not at safepoint (not fully initialized)

VM Mutex/Monitor currently owned by a thread:  ([mutex/lock_event])
[0x0000023e431764a0] Heap_lock - owner thread: 0x0000023e4317b1a0

Heap address: 0x0000000081e00000, size: 2018 MB, Compressed Oops mode: 32-bit

CDS archive(s) mapped at: [0x0000000000000000-0x0000000000000000-0x0000000000000000), size 0, SharedBaseAddress: 0x0000000800000000, ArchiveRelocationMode: 0.
Narrow klass base: 0x0000000000000000, Narrow klass shift: 0, Narrow klass range: 0x0

GC Precious Log:
<Empty>

Heap:
 garbage-first heap   total 0K, used 0K [0x0000000081e00000, 0x0000000100000000)
  region size 1024K, 0 young (0K), 0 survivors (0K)

[error occurred during error reporting (printing heap information), id 0xc0000005, EXCEPTION_ACCESS_VIOLATION (0xc0000005) at pc=0x00007ffe7dcdd729]

GC Heap History (0 events):
No events

Deoptimization events (0 events):
No events

Classes unloaded (0 events):
No events

Classes redefined (0 events):
No events

Internal exceptions (0 events):
No events

VM Operations (0 events):
No events

Events (1 events):
Event: 0.016 Loaded shared library D:\eclipse-jee\plugins\org.eclipse.justj.openjdk.hotspot.jre.full.win32.x86_64_17.0.1.v20211116-1657\jre\bin\java.dll


Dynamic libraries:
0x00007ff6600b0000 - 0x00007ff6600be000 	D:\eclipse-jee\plugins\org.eclipse.justj.openjdk.hotspot.jre.full.win32.x86_64_17.0.1.v20211116-1657\jre\bin\java.exe
0x00007ffee3100000 - 0x00007ffee3360000 	C:\WINDOWS\SYSTEM32\ntdll.dll
0x00007ffee21b0000 - 0x00007ffee2277000 	C:\WINDOWS\System32\KERNEL32.DLL
0x00007ffee02e0000 - 0x00007ffee06aa000 	C:\WINDOWS\System32\KERNELBASE.dll
0x00007ffee0820000 - 0x00007ffee096b000 	C:\WINDOWS\System32\ucrtbase.dll
0x00007ffeca3c0000 - 0x00007ffeca3d8000 	D:\eclipse-jee\plugins\org.eclipse.justj.openjdk.hotspot.jre.full.win32.x86_64_17.0.1.v20211116-1657\jre\bin\jli.dll
0x00007ffec0310000 - 0x00007ffec0329000 	D:\eclipse-jee\plugins\org.eclipse.justj.openjdk.hotspot.jre.full.win32.x86_64_17.0.1.v20211116-1657\jre\bin\VCRUNTIME140.dll
0x00007ffecca80000 - 0x00007ffeccd17000 	C:\WINDOWS\WinSxS\amd64_microsoft.windows.common-controls_6595b64144ccf1df_6.0.26100.3624_none_3e086962e3345f24\COMCTL32.dll
0x00007ffee1530000 - 0x00007ffee15d9000 	C:\WINDOWS\System32\msvcrt.dll
0x00007ffee18b0000 - 0x00007ffee18da000 	C:\WINDOWS\System32\GDI32.dll
0x00007ffee0a30000 - 0x00007ffee0a57000 	C:\WINDOWS\System32\win32u.dll
0x00007ffee0dc0000 - 0x00007ffee0ef1000 	C:\WINDOWS\System32\gdi32full.dll
0x00007ffee0c80000 - 0x00007ffee0d23000 	C:\WINDOWS\System32\msvcp_win.dll
0x00007ffee26e0000 - 0x00007ffee28ac000 	C:\WINDOWS\System32\USER32.dll
0x00007ffee1400000 - 0x00007ffee142f000 	C:\WINDOWS\System32\IMM32.DLL
0x0000023e430d0000 - 0x0000023e430e6000 	C:\WINDOWS\System32\umppc20610.dll
0x0000023e43110000 - 0x0000023e43124000 	C:\WINDOWS\System32\CsXumd64_20610.dll
0x00007ffed2e60000 - 0x00007ffed2e6c000 	D:\eclipse-jee\plugins\org.eclipse.justj.openjdk.hotspot.jre.full.win32.x86_64_17.0.1.v20211116-1657\jre\bin\vcruntime140_1.dll
0x00007ffea9540000 - 0x00007ffea95d1000 	D:\eclipse-jee\plugins\org.eclipse.justj.openjdk.hotspot.jre.full.win32.x86_64_17.0.1.v20211116-1657\jre\bin\msvcp140.dll
0x00007ffe7d610000 - 0x00007ffe7e256000 	D:\eclipse-jee\plugins\org.eclipse.justj.openjdk.hotspot.jre.full.win32.x86_64_17.0.1.v20211116-1657\jre\bin\server\jvm.dll
0x00007ffee18e0000 - 0x00007ffee1992000 	C:\WINDOWS\System32\ADVAPI32.dll
0x00007ffee20d0000 - 0x00007ffee2176000 	C:\WINDOWS\System32\sechost.dll
0x00007ffee2de0000 - 0x00007ffee2ef6000 	C:\WINDOWS\System32\RPCRT4.dll
0x00007ffee1300000 - 0x00007ffee1308000 	C:\WINDOWS\System32\PSAPI.DLL
0x00007ffed1230000 - 0x00007ffed123a000 	C:\WINDOWS\SYSTEM32\WSOCK32.dll
0x00007ffee2470000 - 0x00007ffee24e4000 	C:\WINDOWS\System32\WS2_32.dll
0x00007ffec8f70000 - 0x00007ffec8fa6000 	C:\WINDOWS\SYSTEM32\WINMM.dll
0x00007ffed25c0000 - 0x00007ffed25cb000 	C:\WINDOWS\SYSTEM32\VERSION.dll
0x00007ffedefd0000 - 0x00007ffedefea000 	C:\WINDOWS\SYSTEM32\kernel.appcore.dll
0x00007ffedb230000 - 0x00007ffedb23a000 	D:\eclipse-jee\plugins\org.eclipse.justj.openjdk.hotspot.jre.full.win32.x86_64_17.0.1.v20211116-1657\jre\bin\jimage.dll
0x00007ffeccd90000 - 0x00007ffeccfd1000 	C:\WINDOWS\SYSTEM32\DBGHELP.DLL
0x00007ffee0f70000 - 0x00007ffee12f2000 	C:\WINDOWS\System32\combase.dll
0x00007ffee1320000 - 0x00007ffee13f6000 	C:\WINDOWS\System32\OLEAUT32.dll
0x00007ffecb690000 - 0x00007ffecb6c9000 	C:\WINDOWS\SYSTEM32\dbgcore.DLL
0x00007ffee0be0000 - 0x00007ffee0c79000 	C:\WINDOWS\System32\bcryptPrimitives.dll
0x00007ffecc460000 - 0x00007ffecc485000 	D:\eclipse-jee\plugins\org.eclipse.justj.openjdk.hotspot.jre.full.win32.x86_64_17.0.1.v20211116-1657\jre\bin\java.dll

dbghelp: loaded successfully - version: 4.0.5 - missing functions: none
symbol engine: initialized successfully - sym options: 0x614 - pdb path: .;D:\eclipse-jee\plugins\org.eclipse.justj.openjdk.hotspot.jre.full.win32.x86_64_17.0.1.v20211116-1657\jre\bin;C:\WINDOWS\SYSTEM32;C:\WINDOWS\WinSxS\amd64_microsoft.windows.common-controls_6595b64144ccf1df_6.0.26100.3624_none_3e086962e3345f24;D:\eclipse-jee\plugins\org.eclipse.justj.openjdk.hotspot.jre.full.win32.x86_64_17.0.1.v20211116-1657\jre\bin\server

VM Arguments:
jvm_args: -Dnet.bytebuddy.agent.attacher.dump= 
java_command: net.bytebuddy.agent.Attacher com.sun.tools.attach.VirtualMachine 9172 C:\Users\3207018\.m2\repository\net\bytebuddy\byte-buddy-agent\1.17.8\byte-buddy-agent-1.17.8.jar false 
java_class_path (initial): C:\Users\3207018\.m2\repository\net\bytebuddy\byte-buddy-agent\1.17.8\byte-buddy-agent-1.17.8.jar
Launcher Type: SUN_STANDARD

[Global flags]
     intx CICompilerCount                          = 2                                         {product} {ergonomic}
     uint ConcGCThreads                            = 1                                         {product} {ergonomic}
     uint G1ConcRefinementThreads                  = 2                                         {product} {ergonomic}
   size_t G1HeapRegionSize                         = 1048576                                   {product} {ergonomic}
    uintx GCDrainStackTargetSize                   = 64                                        {product} {ergonomic}
   size_t InitialHeapSize                          = 134217728                                 {product} {ergonomic}
   size_t MarkStackSize                            = 4194304                                   {product} {ergonomic}
   size_t MaxHeapSize                              = 2116026368                                {product} {ergonomic}
   size_t MinHeapDeltaBytes                        = 1048576                                   {product} {ergonomic}
   size_t MinHeapSize                              = 8388608                                   {product} {ergonomic}
    uintx NonNMethodCodeHeapSize                   = 5826188                                {pd product} {ergonomic}
    uintx NonProfiledCodeHeapSize                  = 122916026                              {pd product} {ergonomic}
    uintx ProfiledCodeHeapSize                     = 122916026                              {pd product} {ergonomic}
    uintx ReservedCodeCacheSize                    = 251658240                              {pd product} {ergonomic}
     bool SegmentedCodeCache                       = true                                      {product} {ergonomic}
   size_t SoftMaxHeapSize                          = 2116026368                             {manageable} {ergonomic}
     bool UseCompressedClassPointers               = true                           {product lp64_product} {ergonomic}
     bool UseCompressedOops                        = true                           {product lp64_product} {ergonomic}
     bool UseG1GC                                  = true                                      {product} {ergonomic}
     bool UseLargePagesIndividualAllocation        = false                                  {pd product} {ergonomic}

Logging:
Log output configuration:
 #0: stdout all=warning uptime,level,tags
 #1: stderr all=off uptime,level,tags

Environment Variables:
JAVA_HOME=C:\Program Files\OpenLogic\jdk-17.0.12.7-hotspot
PATH=D:/eclipse-jee//plugins/org.eclipse.justj.openjdk.hotspot.jre.full.win32.x86_64_17.0.1.v20211116-1657/jre/bin/server;D:/eclipse-jee//plugins/org.eclipse.justj.openjdk.hotspot.jre.full.win32.x86_64_17.0.1.v20211116-1657/jre/bin;C:\Program Files\Python311\Scripts\;C:\Program Files\Python311\;C:\WINDOWS\system32;C:\WINDOWS;C:\WINDOWS\System32\Wbem;C:\WINDOWS\System32\WindowsPowerShell\v1.0\;C:\WINDOWS\System32\OpenSSH\;C:\Program Files\Git\cmd;C:\Temp\apache-tomcat-9.0.5-windows-x64\apache-tomcat-9.0.5\bin;C:\Temp\db-derby-10.17.1.0-bin\db-derby-10.17.1.0-bin\bin;C:\Program Files\nodejs\;C:\Program Files\Microsoft SQL Server\150\Tools\Binn\;C:\Users\controller\AppData\Roaming\npm;C:\Users\controller\AppData\Roaming\npm\node_modules\@angular\cli\bin;C:\Program Files\dotnet\;C:\Program Files\nodejs\node_modules\npm\bin;C:\Temp\apache-maven-3.9.8-bin 1\apache-maven-3.9.8\bin;C:\Program Files\OpenLogic\jdk-17.0.12.7-hotspot\bin;C:\Program Files\OpenLogic\jdk-17.0.12.7-hotspot\bin;C:\Temp\apache-maven-3.9.8-bin 1\apache-maven-3.9.8\bin;C:\Program Files\Microsoft VS Code\bin;C:\Program Files\ServiceNow\agent-client-collector\bin;C:\Program Files\ServiceNow\agent-client-collector\embedded\bin;C:\Users\3207018\AppData\Local\Microsoft\WindowsApps;;D:\eclipse-jee;
USERNAME=3207018
OS=Windows_NT
PROCESSOR_IDENTIFIER=Intel64 Family 6 Model 143 Stepping 4, GenuineIntel



---------------  S Y S T E M  ---------------

OS:
 Windows 10 , 64 bit Build 26100 (10.0.26100.3775)
OS uptime: 2 days 8:12 hours
KVM virtualization detected

CPU: total 2 (initial active 2) (2 cores per cpu, 1 threads per core) family 6 model 143 stepping 4 microcode 0x1, cx8, cmov, fxsr, mmx, 3dnowpref, sse, sse2, sse3, ssse3, sse4.1, sse4.2, popcnt, lzcnt, tsc, avx, avx2, aes, erms, clmul, bmi1, bmi2, adx, avx512f, avx512dq, avx512cd, avx512bw, avx512vl, sha, fma, vzeroupper, avx512_vpopcntdq, avx512_vpclmulqdq, avx512_vaes, avx512_vnni, clflush, clflushopt, clwb, avx512_vbmi2, avx512_vbmi, hv

Memory: 4k page, system-wide physical 8068M (952M free)
TotalPageFile size 15294M (AvailPageFile size 69M)
current process WorkingSet (physical memory assigned to process): 12M, peak: 12M
current process commit charge ("private bytes"): 48M, peak: 176M

vm_info: OpenJDK 64-Bit Server VM (17.0.1+12) for windows-amd64 JRE (17.0.1+12), built on Oct 20 2021 07:42:55 by "" with MS VC++ 16.7 (VS2019)

END.
