#
# There is insufficient memory for the Java Runtime Environment to continue.
# Native memory allocation (mmap) failed to map 99614720 bytes for G1 virtual space
# Possible reasons:
#   The system is out of physical RAM or swap space
#   The process is running with CompressedOops enabled, and the Java Heap may be blocking the growth of the native heap
# Possible solutions:
#   Reduce memory load on the system
#   Increase physical memory or swap space
#   Check if swap backing store is full
#   Decrease Java heap size (-Xmx/-Xms)
#   Decrease number of Java threads
#   Decrease Java thread stack sizes (-Xss)
#   Set larger code cache with -XX:ReservedCodeCacheSize=
#   JVM is running with Unscaled Compressed Oops mode in which the Java heap is
#     placed in the first 4GB address space. The Java Heap base address is the
#     maximum limit for the native heap growth. Please use -XX:HeapBaseMinAddress
#     to set the Java Heap base and to place the Java Heap above 4GB virtual address.
# This output file may be truncated or incomplete.
#
#  Out of Memory Error (os_windows.cpp:3469), pid=9044, tid=6108
#
# JRE version: OpenJDK Runtime Environment Temurin-17.0.1+12 (17.0.1+12) (build 17.0.1+12)
# Java VM: OpenJDK 64-Bit Server VM Temurin-17.0.1+12 (17.0.1+12, mixed mode, tiered, compressed oops, compressed class ptrs, g1 gc, windows-amd64)
# No core dump will be written. Minidumps are not enabled by default on client versions of Windows
#

---------------  S U M M A R Y ------------

Command Line: -ea -Dfile.encoding=UTF-8 -XX:+ShowCodeDetailsInExceptionMessages org.eclipse.jdt.internal.junit.runner.RemoteTestRunner -version 3 -port 53297 -testLoaderClass org.eclipse.jdt.internal.junit5.runner.JUnit5TestLoader -loaderpluginname org.eclipse.jdt.junit5.runtime -packageNameFile C:\Users\3207018\AppData\Local\Temp\packageNames808268544522066593.txt

Host: Intel Xeon Processor (SapphireRapids), 2 cores, 7G,  Windows 10 , 64 bit Build 26100 (10.0.26100.3775)
Time: Fri May 15 18:16:28 2026 India Standard Time elapsed time: 17.688939 seconds (0d 0h 0m 17s)

---------------  T H R E A D  ---------------

Current thread (0x0000024339bea620):  VMThread "VM Thread" [stack: 0x000000d6fc800000,0x000000d6fc900000] [id=6108]

Stack: [0x000000d6fc800000,0x000000d6fc900000]
Native frames: (J=compiled Java code, j=interpreted, Vv=VM code, C=native code)
V  [jvm.dll+0x6744da]
V  [jvm.dll+0x82e144]
V  [jvm.dll+0x82f8ee]
V  [jvm.dll+0x82ff53]
V  [jvm.dll+0x245175]
V  [jvm.dll+0x6714c9]
V  [jvm.dll+0x665f92]
V  [jvm.dll+0x303c3b]
V  [jvm.dll+0x30b176]
V  [jvm.dll+0x35af1e]
V  [jvm.dll+0x35b14f]
V  [jvm.dll+0x2dab78]
V  [jvm.dll+0x2d8e2c]
V  [jvm.dll+0x2d83fc]
V  [jvm.dll+0x31c24b]
V  [jvm.dll+0x8343bb]
V  [jvm.dll+0x8350f4]
V  [jvm.dll+0x83560c]
V  [jvm.dll+0x8359e4]
V  [jvm.dll+0x835ab0]
V  [jvm.dll+0x7de51a]
V  [jvm.dll+0x673305]
C  [ucrtbase.dll+0x37b0]
C  [KERNEL32.DLL+0x2e8d7]
C  [ntdll.dll+0xb14fc]

VM_Operation (0x000000d6fc2f78e0): G1CollectForAllocation, mode: safepoint, requested by thread 0x0000024320a4da20


---------------  P R O C E S S  ---------------

Threads class SMR info:
_java_thread_list=0x00000243402af7f0, length=19, elements={
0x0000024320a4da20, 0x0000024339bb6d60, 0x0000024339bb8410, 0x0000024339bd4a20,
0x0000024339c0ea90, 0x000002433a80a470, 0x000002433a80ad30, 0x000002433a80b920,
0x000002433a89d990, 0x000002433a8a0a20, 0x000002433a9a0660, 0x000002433a9d0010,
0x000002433aff74a0, 0x000002433d6de090, 0x000002433dcc08d0, 0x000002434004e040,
0x000002433d6e5860, 0x000002433d6e5d30, 0x000002433d6e6200
}

Java Threads: ( => current thread )
  0x0000024320a4da20 JavaThread "main" [_thread_blocked, id=16676, stack(0x000000d6fc200000,0x000000d6fc300000)]
  0x0000024339bb6d60 JavaThread "Reference Handler" daemon [_thread_blocked, id=1676, stack(0x000000d6fc900000,0x000000d6fca00000)]
  0x0000024339bb8410 JavaThread "Finalizer" daemon [_thread_blocked, id=15004, stack(0x000000d6fca00000,0x000000d6fcb00000)]
  0x0000024339bd4a20 JavaThread "Signal Dispatcher" daemon [_thread_blocked, id=1388, stack(0x000000d6fcb00000,0x000000d6fcc00000)]
  0x0000024339c0ea90 JavaThread "Attach Listener" daemon [_thread_blocked, id=2260, stack(0x000000d6fcc00000,0x000000d6fcd00000)]
  0x000002433a80a470 JavaThread "Service Thread" daemon [_thread_blocked, id=19416, stack(0x000000d6fcd00000,0x000000d6fce00000)]
  0x000002433a80ad30 JavaThread "Monitor Deflation Thread" daemon [_thread_blocked, id=9876, stack(0x000000d6fce00000,0x000000d6fcf00000)]
  0x000002433a80b920 JavaThread "C2 CompilerThread0" daemon [_thread_blocked, id=11872, stack(0x000000d6fcf00000,0x000000d6fd000000)]
  0x000002433a89d990 JavaThread "C1 CompilerThread0" daemon [_thread_blocked, id=7668, stack(0x000000d6fd000000,0x000000d6fd100000)]
  0x000002433a8a0a20 JavaThread "Sweeper thread" daemon [_thread_blocked, id=14024, stack(0x000000d6fd100000,0x000000d6fd200000)]
  0x000002433a9a0660 JavaThread "Notification Thread" daemon [_thread_blocked, id=6796, stack(0x000000d6fd200000,0x000000d6fd300000)]
  0x000002433a9d0010 JavaThread "Common-Cleaner" daemon [_thread_blocked, id=10752, stack(0x000000d6fd400000,0x000000d6fd500000)]
  0x000002433aff74a0 JavaThread "ReaderThread" [_thread_in_native, id=1064, stack(0x000000d6fd600000,0x000000d6fd700000)]
  0x000002433d6de090 JavaThread "Catalina-utility-1" [_thread_blocked, id=6824, stack(0x000000d6fd700000,0x000000d6fd800000)]
  0x000002433dcc08d0 JavaThread "Catalina-utility-2" [_thread_blocked, id=18768, stack(0x000000d6fd800000,0x000000d6fd900000)]
  0x000002434004e040 JavaThread "container-0" [_thread_blocked, id=12424, stack(0x000000d6fd900000,0x000000d6fda00000)]
  0x000002433d6e5860 JavaThread "Cleaner-0" daemon [_thread_blocked, id=18496, stack(0x000000d6fdb00000,0x000000d6fdc00000)]
  0x000002433d6e5d30 JavaThread "HikariPool-1:housekeeper" daemon [_thread_blocked, id=4504, stack(0x000000d6fdc00000,0x000000d6fdd00000)]
  0x000002433d6e6200 JavaThread "HikariPool-1:connection-adder" daemon [_thread_blocked, id=14724, stack(0x000000d6fdd00000,0x000000d6fde00000)]

Other Threads:
=>0x0000024339bea620 VMThread "VM Thread" [stack: 0x000000d6fc800000,0x000000d6fc900000] [id=6108]
  0x000002433a90ffe0 WatcherThread [stack: 0x000000d6fd300000,0x000000d6fd400000] [id=11304]
  0x0000024320a8e650 GCTaskThread "GC Thread#0" [stack: 0x000000d6fc300000,0x000000d6fc400000] [id=16288]
  0x000002433ace6fe0 GCTaskThread "GC Thread#1" [stack: 0x000000d6fd500000,0x000000d6fd600000] [id=1176]
  0x0000024320a9efe0 ConcurrentGCThread "G1 Main Marker" [stack: 0x000000d6fc400000,0x000000d6fc500000] [id=11952]
  0x0000024320aa0c70 ConcurrentGCThread "G1 Conc#0" [stack: 0x000000d6fc500000,0x000000d6fc600000] [id=5212]
  0x0000024320afe8f0 ConcurrentGCThread "G1 Refine#0" [stack: 0x000000d6fc600000,0x000000d6fc700000] [id=17364]
  0x0000024339a236e0 ConcurrentGCThread "G1 Service" [stack: 0x000000d6fc700000,0x000000d6fc800000] [id=3240]

Threads with active compile tasks:
C2 CompilerThread0    17709 8274       4       org.antlr.v4.runtime.atn.PredictionContext::mergeArrays (809 bytes)

VM state: at safepoint (normal execution)

VM Mutex/Monitor currently owned by a thread:  ([mutex/lock_event])
[0x0000024320a48bc0] Threads_lock - owner thread: 0x0000024339bea620
[0x0000024320a483e0] Heap_lock - owner thread: 0x0000024320a4da20

Heap address: 0x0000000081e00000, size: 2018 MB, Compressed Oops mode: 32-bit

CDS archive(s) not mapped
Compressed class space mapped at: 0x0000000100000000-0x0000000140000000, reserved size: 1073741824
Narrow klass base: 0x0000000000000000, Narrow klass shift: 3, Narrow klass range: 0x140000000

GC Precious Log:
 CPUs: 2 total, 2 available
 Memory: 8068M
 Large Page Support: Disabled
 NUMA Support: Disabled
 Compressed Oops: Enabled (32-bit)
 Heap Region Size: 1M
 Heap Min Capacity: 8M
 Heap Initial Capacity: 128M
 Heap Max Capacity: 2018M
 Pre-touch: Disabled
 Parallel Workers: 2
 Concurrent Workers: 1
 Concurrent Refinement Workers: 2
 Periodic GC: Disabled

Heap:
 garbage-first heap   total 106496K, used 45216K [0x0000000081e00000, 0x0000000100000000)
  region size 1024K, 6 young (6144K), 6 survivors (6144K)
 Metaspace       used 89464K, committed 90176K, reserved 1130496K
  class space    used 12214K, committed 12544K, reserved 1048576K

Heap Regions: E=young(eden), S=young(survivor), O=old, HS=humongous(starts), HC=humongous(continues), CS=collection set, F=free, OA=open archive, CA=closed archive, TAMS=top-at-mark-start (previous, next)
|   0|0x0000000081e00000, 0x0000000081f00000, 0x0000000081f00000|100%|HS|  |TAMS 0x0000000081f00000, 0x0000000081e00000| Complete 
|   1|0x0000000081f00000, 0x0000000082000000, 0x0000000082000000|100%| O|  |TAMS 0x0000000082000000, 0x0000000081f00000| Untracked 
|   2|0x0000000082000000, 0x0000000082100000, 0x0000000082100000|100%| O|  |TAMS 0x0000000082100000, 0x0000000082000000| Untracked 
|   3|0x0000000082100000, 0x0000000082200000, 0x0000000082200000|100%| O|  |TAMS 0x0000000082200000, 0x0000000082100000| Untracked 
|   4|0x0000000082200000, 0x0000000082300000, 0x0000000082300000|100%|HS|  |TAMS 0x0000000082300000, 0x0000000082200000| Complete 
|   5|0x0000000082300000, 0x0000000082400000, 0x0000000082400000|100%| O|  |TAMS 0x0000000082400000, 0x0000000082300000| Untracked 
|   6|0x0000000082400000, 0x0000000082500000, 0x0000000082500000|100%| O|  |TAMS 0x0000000082500000, 0x0000000082400000| Untracked 
|   7|0x0000000082500000, 0x0000000082600000, 0x0000000082600000|100%| O|  |TAMS 0x0000000082600000, 0x0000000082500000| Untracked 
|   8|0x0000000082600000, 0x0000000082700000, 0x0000000082700000|100%| O|  |TAMS 0x0000000082700000, 0x0000000082600000| Untracked 
|   9|0x0000000082700000, 0x0000000082800000, 0x0000000082800000|100%| O|  |TAMS 0x0000000082800000, 0x0000000082700000| Untracked 
|  10|0x0000000082800000, 0x0000000082900000, 0x0000000082900000|100%| O|  |TAMS 0x0000000082900000, 0x0000000082800000| Untracked 
|  11|0x0000000082900000, 0x0000000082a00000, 0x0000000082a00000|100%| O|  |TAMS 0x0000000082a00000, 0x0000000082900000| Untracked 
|  12|0x0000000082a00000, 0x0000000082b00000, 0x0000000082b00000|100%| O|  |TAMS 0x0000000082b00000, 0x0000000082a00000| Untracked 
|  13|0x0000000082b00000, 0x0000000082c00000, 0x0000000082c00000|100%| O|  |TAMS 0x0000000082c00000, 0x0000000082b00000| Untracked 
|  14|0x0000000082c00000, 0x0000000082d00000, 0x0000000082d00000|100%| O|  |TAMS 0x0000000082d00000, 0x0000000082c00000| Untracked 
|  15|0x0000000082d00000, 0x0000000082e00000, 0x0000000082e00000|100%| O|  |TAMS 0x0000000082e00000, 0x0000000082d00000| Untracked 
|  16|0x0000000082e00000, 0x0000000082f00000, 0x0000000082f00000|100%| O|  |TAMS 0x0000000082f00000, 0x0000000082e00000| Untracked 
|  17|0x0000000082f00000, 0x0000000083000000, 0x0000000083000000|100%| O|  |TAMS 0x0000000083000000, 0x0000000082f00000| Untracked 
|  18|0x0000000083000000, 0x0000000083100000, 0x0000000083100000|100%| O|  |TAMS 0x0000000083100000, 0x0000000083000000| Untracked 
|  19|0x0000000083100000, 0x0000000083200000, 0x0000000083200000|100%| O|  |TAMS 0x0000000083200000, 0x0000000083100000| Untracked 
|  20|0x0000000083200000, 0x0000000083300000, 0x0000000083300000|100%| O|  |TAMS 0x0000000083300000, 0x0000000083200000| Untracked 
|  21|0x0000000083300000, 0x0000000083400000, 0x0000000083400000|100%| O|  |TAMS 0x0000000083400000, 0x0000000083300000| Untracked 
|  22|0x0000000083400000, 0x00000000834f5e00, 0x0000000083500000| 96%| O|  |TAMS 0x00000000834f5e00, 0x0000000083400000| Untracked 
|  23|0x0000000083500000, 0x0000000083600000, 0x0000000083600000|100%| O|  |TAMS 0x0000000083500000, 0x0000000083500000| Untracked 
|  24|0x0000000083600000, 0x0000000083700000, 0x0000000083700000|100%| O|  |TAMS 0x0000000083600000, 0x0000000083600000| Untracked 
|  25|0x0000000083700000, 0x0000000083800000, 0x0000000083800000|100%| O|  |TAMS 0x0000000083700000, 0x0000000083700000| Untracked 
|  26|0x0000000083800000, 0x0000000083900000, 0x0000000083900000|100%| O|  |TAMS 0x0000000083800000, 0x0000000083800000| Untracked 
|  27|0x0000000083900000, 0x0000000083a00000, 0x0000000083a00000|100%| O|  |TAMS 0x0000000083900000, 0x0000000083900000| Untracked 
|  28|0x0000000083a00000, 0x0000000083b00000, 0x0000000083b00000|100%| O|  |TAMS 0x0000000083a00000, 0x0000000083a00000| Untracked 
|  29|0x0000000083b00000, 0x0000000083c00000, 0x0000000083c00000|100%| O|  |TAMS 0x0000000083b00000, 0x0000000083b00000| Untracked 
|  30|0x0000000083c00000, 0x0000000083d00000, 0x0000000083d00000|100%| O|  |TAMS 0x0000000083c00000, 0x0000000083c00000| Untracked 
|  31|0x0000000083d00000, 0x0000000083e00000, 0x0000000083e00000|100%| O|  |TAMS 0x0000000083d00000, 0x0000000083d00000| Untracked 
|  32|0x0000000083e00000, 0x0000000083f00000, 0x0000000083f00000|100%| O|  |TAMS 0x0000000083e00000, 0x0000000083e00000| Untracked 
|  33|0x0000000083f00000, 0x0000000084000000, 0x0000000084000000|100%| O|  |TAMS 0x0000000083f00000, 0x0000000083f00000| Untracked 
|  34|0x0000000084000000, 0x0000000084100000, 0x0000000084100000|100%| O|  |TAMS 0x0000000084000000, 0x0000000084000000| Untracked 
|  35|0x0000000084100000, 0x0000000084200000, 0x0000000084200000|100%| O|  |TAMS 0x0000000084100000, 0x0000000084100000| Untracked 
|  36|0x0000000084200000, 0x0000000084300000, 0x0000000084300000|100%| O|  |TAMS 0x0000000084200000, 0x0000000084200000| Untracked 
|  37|0x0000000084300000, 0x0000000084400000, 0x0000000084400000|100%| O|  |TAMS 0x0000000084300000, 0x0000000084300000| Untracked 
|  38|0x0000000084400000, 0x00000000844b2200, 0x0000000084500000| 69%| O|  |TAMS 0x0000000084400000, 0x0000000084400000| Untracked 
|  39|0x0000000084500000, 0x0000000084500000, 0x0000000084600000|  0%| F|  |TAMS 0x0000000084500000, 0x0000000084500000| Untracked 
|  40|0x0000000084600000, 0x0000000084600000, 0x0000000084700000|  0%| F|  |TAMS 0x0000000084600000, 0x0000000084600000| Untracked 
|  41|0x0000000084700000, 0x0000000084700000, 0x0000000084800000|  0%| F|  |TAMS 0x0000000084700000, 0x0000000084700000| Untracked 
|  42|0x0000000084800000, 0x0000000084800000, 0x0000000084900000|  0%| F|  |TAMS 0x0000000084800000, 0x0000000084800000| Untracked 
|  43|0x0000000084900000, 0x0000000084900000, 0x0000000084a00000|  0%| F|  |TAMS 0x0000000084900000, 0x0000000084900000| Untracked 
|  44|0x0000000084a00000, 0x0000000084a00000, 0x0000000084b00000|  0%| F|  |TAMS 0x0000000084a00000, 0x0000000084a00000| Untracked 
|  45|0x0000000084b00000, 0x0000000084b00000, 0x0000000084c00000|  0%| F|  |TAMS 0x0000000084b00000, 0x0000000084b00000| Untracked 
|  46|0x0000000084c00000, 0x0000000084c00000, 0x0000000084d00000|  0%| F|  |TAMS 0x0000000084c00000, 0x0000000084c00000| Untracked 
|  47|0x0000000084d00000, 0x0000000084d00000, 0x0000000084e00000|  0%| F|  |TAMS 0x0000000084d00000, 0x0000000084d00000| Untracked 
|  48|0x0000000084e00000, 0x0000000084e00000, 0x0000000084f00000|  0%| F|  |TAMS 0x0000000084e00000, 0x0000000084e00000| Untracked 
|  49|0x0000000084f00000, 0x0000000084f80000, 0x0000000085000000| 50%| S|CS|TAMS 0x0000000084f00000, 0x0000000084f00000| Complete 
|  50|0x0000000085000000, 0x0000000085100000, 0x0000000085100000|100%| S|CS|TAMS 0x0000000085000000, 0x0000000085000000| Complete 
|  51|0x0000000085100000, 0x0000000085200000, 0x0000000085200000|100%| S|CS|TAMS 0x0000000085100000, 0x0000000085100000| Complete 
|  52|0x0000000085200000, 0x0000000085200000, 0x0000000085300000|  0%| F|  |TAMS 0x0000000085200000, 0x0000000085200000| Untracked 
|  53|0x0000000085300000, 0x0000000085300000, 0x0000000085400000|  0%| F|  |TAMS 0x0000000085300000, 0x0000000085300000| Untracked 
|  54|0x0000000085400000, 0x0000000085400000, 0x0000000085500000|  0%| F|  |TAMS 0x0000000085400000, 0x0000000085400000| Untracked 
|  55|0x0000000085500000, 0x0000000085600000, 0x0000000085600000|100%| S|CS|TAMS 0x0000000085500000, 0x0000000085500000| Complete 
|  56|0x0000000085600000, 0x0000000085600000, 0x0000000085700000|  0%| F|  |TAMS 0x0000000085600000, 0x0000000085600000| Untracked 
|  57|0x0000000085700000, 0x0000000085700000, 0x0000000085800000|  0%| F|  |TAMS 0x0000000085700000, 0x0000000085700000| Untracked 
|  58|0x0000000085800000, 0x0000000085800000, 0x0000000085900000|  0%| F|  |TAMS 0x0000000085800000, 0x0000000085800000| Untracked 
|  59|0x0000000085900000, 0x0000000085a00000, 0x0000000085a00000|100%| S|CS|TAMS 0x0000000085900000, 0x0000000085900000| Complete 
|  60|0x0000000085a00000, 0x0000000085b00000, 0x0000000085b00000|100%| S|CS|TAMS 0x0000000085a00000, 0x0000000085a00000| Complete 
|  61|0x0000000085b00000, 0x0000000085b00000, 0x0000000085c00000|  0%| F|  |TAMS 0x0000000085b00000, 0x0000000085b00000| Untracked 
|  62|0x0000000085c00000, 0x0000000085c00000, 0x0000000085d00000|  0%| F|  |TAMS 0x0000000085c00000, 0x0000000085c00000| Untracked 
|  63|0x0000000085d00000, 0x0000000085d00000, 0x0000000085e00000|  0%| F|  |TAMS 0x0000000085d00000, 0x0000000085d00000| Untracked 
|  64|0x0000000085e00000, 0x0000000085e00000, 0x0000000085f00000|  0%| F|  |TAMS 0x0000000085e00000, 0x0000000085e00000| Untracked 
|  65|0x0000000085f00000, 0x0000000085f00000, 0x0000000086000000|  0%| F|  |TAMS 0x0000000085f00000, 0x0000000085f00000| Untracked 
|  66|0x0000000086000000, 0x0000000086000000, 0x0000000086100000|  0%| F|  |TAMS 0x0000000086000000, 0x0000000086000000| Untracked 
|  67|0x0000000086100000, 0x0000000086100000, 0x0000000086200000|  0%| F|  |TAMS 0x0000000086100000, 0x0000000086100000| Untracked 
|  68|0x0000000086200000, 0x0000000086200000, 0x0000000086300000|  0%| F|  |TAMS 0x0000000086200000, 0x0000000086200000| Untracked 
|  69|0x0000000086300000, 0x0000000086300000, 0x0000000086400000|  0%| F|  |TAMS 0x0000000086300000, 0x0000000086300000| Untracked 
|  70|0x0000000086400000, 0x0000000086400000, 0x0000000086500000|  0%| F|  |TAMS 0x0000000086400000, 0x0000000086400000| Untracked 
|  71|0x0000000086500000, 0x0000000086500000, 0x0000000086600000|  0%| F|  |TAMS 0x0000000086500000, 0x0000000086500000| Untracked 
|  72|0x0000000086600000, 0x0000000086600000, 0x0000000086700000|  0%| F|  |TAMS 0x0000000086600000, 0x0000000086600000| Untracked 
|  73|0x0000000086700000, 0x0000000086700000, 0x0000000086800000|  0%| F|  |TAMS 0x0000000086700000, 0x0000000086700000| Untracked 
|  74|0x0000000086800000, 0x0000000086800000, 0x0000000086900000|  0%| F|  |TAMS 0x0000000086800000, 0x0000000086800000| Untracked 
|  75|0x0000000086900000, 0x0000000086900000, 0x0000000086a00000|  0%| F|  |TAMS 0x0000000086900000, 0x0000000086900000| Untracked 
|  76|0x0000000086a00000, 0x0000000086a00000, 0x0000000086b00000|  0%| F|  |TAMS 0x0000000086a00000, 0x0000000086a00000| Untracked 
|  77|0x0000000086b00000, 0x0000000086b00000, 0x0000000086c00000|  0%| F|  |TAMS 0x0000000086b00000, 0x0000000086b00000| Untracked 
|  78|0x0000000086c00000, 0x0000000086c00000, 0x0000000086d00000|  0%| F|  |TAMS 0x0000000086c00000, 0x0000000086c00000| Untracked 
|  79|0x0000000086d00000, 0x0000000086d00000, 0x0000000086e00000|  0%| F|  |TAMS 0x0000000086d00000, 0x0000000086d00000| Untracked 
|  80|0x0000000086e00000, 0x0000000086e00000, 0x0000000086f00000|  0%| F|  |TAMS 0x0000000086e00000, 0x0000000086e00000| Untracked 
|  81|0x0000000086f00000, 0x0000000086f00000, 0x0000000087000000|  0%| F|  |TAMS 0x0000000086f00000, 0x0000000086f00000| Untracked 
|  82|0x0000000087000000, 0x0000000087000000, 0x0000000087100000|  0%| F|  |TAMS 0x0000000087000000, 0x0000000087000000| Untracked 
|  83|0x0000000087100000, 0x0000000087100000, 0x0000000087200000|  0%| F|  |TAMS 0x0000000087100000, 0x0000000087100000| Untracked 
|  84|0x0000000087200000, 0x0000000087200000, 0x0000000087300000|  0%| F|  |TAMS 0x0000000087200000, 0x0000000087200000| Untracked 
|  85|0x0000000087300000, 0x0000000087300000, 0x0000000087400000|  0%| F|  |TAMS 0x0000000087300000, 0x0000000087300000| Untracked 
|  86|0x0000000087400000, 0x0000000087400000, 0x0000000087500000|  0%| F|  |TAMS 0x0000000087400000, 0x0000000087400000| Untracked 
|  87|0x0000000087500000, 0x0000000087500000, 0x0000000087600000|  0%| F|  |TAMS 0x0000000087500000, 0x0000000087500000| Untracked 
|  88|0x0000000087600000, 0x0000000087600000, 0x0000000087700000|  0%| F|  |TAMS 0x0000000087600000, 0x0000000087600000| Untracked 
|  89|0x0000000087700000, 0x0000000087700000, 0x0000000087800000|  0%| F|  |TAMS 0x0000000087700000, 0x0000000087700000| Untracked 
|  90|0x0000000087800000, 0x0000000087800000, 0x0000000087900000|  0%| F|  |TAMS 0x0000000087800000, 0x0000000087800000| Untracked 
|  91|0x0000000087900000, 0x0000000087900000, 0x0000000087a00000|  0%| F|  |TAMS 0x0000000087900000, 0x0000000087900000| Untracked 
|  92|0x0000000087a00000, 0x0000000087a00000, 0x0000000087b00000|  0%| F|  |TAMS 0x0000000087a00000, 0x0000000087a00000| Untracked 
|  93|0x0000000087b00000, 0x0000000087b00000, 0x0000000087c00000|  0%| F|  |TAMS 0x0000000087b00000, 0x0000000087b00000| Untracked 
|  94|0x0000000087c00000, 0x0000000087c00000, 0x0000000087d00000|  0%| F|  |TAMS 0x0000000087c00000, 0x0000000087c00000| Untracked 
|  95|0x0000000087d00000, 0x0000000087d00000, 0x0000000087e00000|  0%| F|  |TAMS 0x0000000087d00000, 0x0000000087d00000| Untracked 
|  96|0x0000000087e00000, 0x0000000087e00000, 0x0000000087f00000|  0%| F|  |TAMS 0x0000000087e00000, 0x0000000087e00000| Untracked 
|  97|0x0000000087f00000, 0x0000000087f00000, 0x0000000088000000|  0%| F|  |TAMS 0x0000000087f00000, 0x0000000087f00000| Untracked 
|  98|0x0000000088000000, 0x0000000088000000, 0x0000000088100000|  0%| F|  |TAMS 0x0000000088000000, 0x0000000088000000| Untracked 
|  99|0x0000000088100000, 0x0000000088100000, 0x0000000088200000|  0%| F|  |TAMS 0x0000000088100000, 0x0000000088100000| Untracked 
| 100|0x0000000088200000, 0x0000000088200000, 0x0000000088300000|  0%| F|  |TAMS 0x0000000088200000, 0x0000000088200000| Untracked 
| 101|0x0000000088300000, 0x0000000088300000, 0x0000000088400000|  0%| F|  |TAMS 0x0000000088300000, 0x0000000088300000| Untracked 
| 102|0x0000000088400000, 0x0000000088400000, 0x0000000088500000|  0%| F|  |TAMS 0x0000000088400000, 0x0000000088400000| Untracked 
| 103|0x0000000088500000, 0x0000000088500000, 0x0000000088600000|  0%| F|  |TAMS 0x0000000088500000, 0x0000000088500000| Untracked 

Card table byte_map: [0x00000243330d0000,0x00000243334d0000] _byte_map_base: 0x0000024332cc1000

Marking Bits (Prev, Next): (CMBitMap*) 0x0000024320a8eab0, (CMBitMap*) 0x0000024320a8ea70
 Prev Bits: [0x0000024335860000, 0x00000243377e8000)
 Next Bits: [0x00000243338d0000, 0x0000024335858000)

Polling page: 0x000002431e7f0000

Metaspace:

Usage:
  Non-class:     75.44 MB used.
      Class:     11.93 MB used.
       Both:     87.37 MB used.

Virtual space:
  Non-class space:       80.00 MB reserved,      75.81 MB ( 95%) committed,  10 nodes.
      Class space:        1.00 GB reserved,      12.25 MB (  1%) committed,  1 nodes.
             Both:        1.08 GB reserved,      88.06 MB (  8%) committed. 

Chunk freelists:
   Non-Class:  63.00 KB
       Class:  3.80 MB
        Both:  3.87 MB

MaxMetaspaceSize: unlimited
CompressedClassSpaceSize: 1.00 GB
Initial GC threshold: 21.00 MB
Current GC threshold: 97.94 MB
CDS: off
MetaspaceReclaimPolicy: balanced
 - commit_granule_bytes: 65536.
 - commit_granule_words: 8192.
 - virtual_space_node_default_size: 1048576.
 - enlarge_chunks_in_place: 1.
 - new_chunks_are_fully_committed: 0.
 - uncommit_free_chunks: 1.
 - use_allocation_guard: 0.
 - handle_deallocations: 1.


Internal statistics:

num_allocs_failed_limit: 9.
num_arena_births: 920.
num_arena_deaths: 2.
num_vsnodes_births: 11.
num_vsnodes_deaths: 0.
num_space_committed: 1409.
num_space_uncommitted: 0.
num_chunks_returned_to_freelist: 12.
num_chunks_taken_from_freelist: 4009.
num_chunk_merges: 6.
num_chunk_splits: 2862.
num_chunks_enlarged: 2230.
num_purges: 2.
num_inconsistent_stats: 0.

CodeHeap 'non-profiled nmethods': size=120064Kb used=4645Kb max_used=4645Kb free=115418Kb
 bounds [0x000002432bb90000, 0x000002432c020000, 0x00000243330d0000]
CodeHeap 'profiled nmethods': size=120000Kb used=14890Kb max_used=14890Kb free=105109Kb
 bounds [0x0000024324660000, 0x00000243254f0000, 0x000002432bb90000]
CodeHeap 'non-nmethods': size=5696Kb used=1345Kb max_used=1389Kb free=4350Kb
 bounds [0x00000243240d0000, 0x0000024324340000, 0x0000024324660000]
 total_blobs=8145 nmethods=7481 adapters=575
 compilation: enabled
              stopped_count=0, restarted_count=0
 full_count=0

Compilation events (20 events):
Event: 17.597 Thread 0x000002433a80b920 nmethod 8261 0x000002432c018e90 code [0x000002432c019000, 0x000002432c019098]
Event: 17.597 Thread 0x000002433a80b920 8264       4       java.util.LinkedList::linkLast (59 bytes)
Event: 17.599 Thread 0x000002433a80b920 nmethod 8264 0x000002432c019190 code [0x000002432c019320, 0x000002432c019698]
Event: 17.599 Thread 0x000002433a80b920 8274       4       org.antlr.v4.runtime.atn.PredictionContext::mergeArrays (809 bytes)
Event: 17.632 Thread 0x000002433a89d990 8277       2       org.antlr.v4.runtime.BufferedTokenStream::previousTokenOnChannel (69 bytes)
Event: 17.632 Thread 0x000002433a89d990 nmethod 8277 0x00000243254e6690 code [0x00000243254e6880, 0x00000243254e6bf8]
Event: 17.633 Thread 0x000002433a89d990 8278       2       org.antlr.v4.runtime.atn.OrderedATNConfigSet::<init> (16 bytes)
Event: 17.633 Thread 0x000002433a89d990 nmethod 8278 0x00000243254e6e10 code [0x00000243254e6fc0, 0x00000243254e71f8]
Event: 17.633 Thread 0x000002433a89d990 8279       2       org.antlr.v4.runtime.atn.LexerATNSimulator::computeTargetState (59 bytes)
Event: 17.634 Thread 0x000002433a89d990 nmethod 8279 0x00000243254e7310 code [0x00000243254e7500, 0x00000243254e78e8]
Event: 17.636 Thread 0x000002433a89d990 8280 %     3       org.antlr.v4.runtime.misc.Array2DHashSet::getOrAddImpl @ 52 (146 bytes)
Event: 17.637 Thread 0x000002433a89d990 nmethod 8280% 0x00000243254e7b10 code [0x00000243254e7da0, 0x00000243254e8c98]
Event: 17.637 Thread 0x000002433a89d990 8281       3       org.antlr.v4.runtime.misc.Array2DHashSet::getOrAddImpl (146 bytes)
Event: 17.638 Thread 0x000002433a89d990 nmethod 8281 0x00000243254e9190 code [0x00000243254e9400, 0x00000243254ea218]
Event: 17.653 Thread 0x000002433a89d990 8283       2       java.util.ArrayList::equalsArrayList (108 bytes)
Event: 17.654 Thread 0x000002433a89d990 nmethod 8283 0x00000243254ea690 code [0x00000243254ea860, 0x00000243254eaca8]
Event: 17.658 Thread 0x000002433a89d990 8284       2       org.antlr.v4.runtime.ParserRuleContext::<init> (7 bytes)
Event: 17.659 Thread 0x000002433a89d990 nmethod 8284 0x00000243254eaf10 code [0x00000243254eb0a0, 0x00000243254eb1f8]
Event: 17.661 Thread 0x000002433a89d990 8285       2       org.antlr.v4.runtime.Parser::enterOuterAlt (51 bytes)
Event: 17.662 Thread 0x000002433a89d990 nmethod 8285 0x00000243254eb290 code [0x00000243254eb460, 0x00000243254eb848]

GC Heap History (20 events):
Event: 9.417 GC heap after
{Heap after GC invocations=19 (full 0):
 garbage-first heap   total 63488K, used 24940K [0x0000000081e00000, 0x0000000100000000)
  region size 1024K, 3 young (3072K), 3 survivors (3072K)
 Metaspace       used 50851K, committed 51328K, reserved 1097728K
  class space    used 6724K, committed 6976K, reserved 1048576K
}
Event: 9.423 GC heap before
{Heap before GC invocations=19 (full 0):
 garbage-first heap   total 63488K, used 48492K [0x0000000081e00000, 0x0000000100000000)
  region size 1024K, 27 young (27648K), 3 survivors (3072K)
 Metaspace       used 50851K, committed 51328K, reserved 1097728K
  class space    used 6724K, committed 6976K, reserved 1048576K
}
Event: 9.426 GC heap after
{Heap after GC invocations=20 (full 0):
 garbage-first heap   total 63488K, used 25027K [0x0000000081e00000, 0x0000000100000000)
  region size 1024K, 2 young (2048K), 2 survivors (2048K)
 Metaspace       used 50851K, committed 51328K, reserved 1097728K
  class space    used 6724K, committed 6976K, reserved 1048576K
}
Event: 9.432 GC heap before
{Heap before GC invocations=20 (full 0):
 garbage-first heap   total 63488K, used 49603K [0x0000000081e00000, 0x0000000100000000)
  region size 1024K, 27 young (27648K), 2 survivors (2048K)
 Metaspace       used 50851K, committed 51328K, reserved 1097728K
  class space    used 6724K, committed 6976K, reserved 1048576K
}
Event: 9.434 GC heap after
{Heap after GC invocations=21 (full 0):
 garbage-first heap   total 63488K, used 25022K [0x0000000081e00000, 0x0000000100000000)
  region size 1024K, 2 young (2048K), 2 survivors (2048K)
 Metaspace       used 50851K, committed 51328K, reserved 1097728K
  class space    used 6724K, committed 6976K, reserved 1048576K
}
Event: 9.440 GC heap before
{Heap before GC invocations=21 (full 0):
 garbage-first heap   total 63488K, used 50622K [0x0000000081e00000, 0x0000000100000000)
  region size 1024K, 28 young (28672K), 2 survivors (2048K)
 Metaspace       used 50851K, committed 51328K, reserved 1097728K
  class space    used 6724K, committed 6976K, reserved 1048576K
}
Event: 9.443 GC heap after
{Heap after GC invocations=22 (full 0):
 garbage-first heap   total 140288K, used 25107K [0x0000000081e00000, 0x0000000100000000)
  region size 1024K, 2 young (2048K), 2 survivors (2048K)
 Metaspace       used 50851K, committed 51328K, reserved 1097728K
  class space    used 6724K, committed 6976K, reserved 1048576K
}
Event: 10.635 GC heap before
{Heap before GC invocations=22 (full 0):
 garbage-first heap   total 140288K, used 106003K [0x0000000081e00000, 0x0000000100000000)
  region size 1024K, 82 young (83968K), 2 survivors (2048K)
 Metaspace       used 54533K, committed 55040K, reserved 1097728K
  class space    used 7168K, committed 7424K, reserved 1048576K
}
Event: 10.648 GC heap after
{Heap after GC invocations=23 (full 0):
 garbage-first heap   total 140288K, used 28304K [0x0000000081e00000, 0x0000000100000000)
  region size 1024K, 5 young (5120K), 5 survivors (5120K)
 Metaspace       used 54533K, committed 55040K, reserved 1097728K
  class space    used 7168K, committed 7424K, reserved 1048576K
}
Event: 11.641 GC heap before
{Heap before GC invocations=23 (full 0):
 garbage-first heap   total 140288K, used 63120K [0x0000000081e00000, 0x0000000100000000)
  region size 1024K, 40 young (40960K), 5 survivors (5120K)
 Metaspace       used 59608K, committed 60096K, reserved 1105920K
  class space    used 7815K, committed 8064K, reserved 1048576K
}
Event: 11.653 GC heap after
{Heap after GC invocations=24 (full 0):
 garbage-first heap   total 140288K, used 31440K [0x0000000081e00000, 0x0000000100000000)
  region size 1024K, 8 young (8192K), 8 survivors (8192K)
 Metaspace       used 59608K, committed 60096K, reserved 1105920K
  class space    used 7815K, committed 8064K, reserved 1048576K
}
Event: 14.882 GC heap before
{Heap before GC invocations=25 (full 0):
 garbage-first heap   total 106496K, used 86736K [0x0000000081e00000, 0x0000000100000000)
  region size 1024K, 62 young (63488K), 8 survivors (8192K)
 Metaspace       used 70909K, committed 71488K, reserved 1114112K
  class space    used 9357K, committed 9664K, reserved 1048576K
}
Event: 14.899 GC heap after
{Heap after GC invocations=26 (full 0):
 garbage-first heap   total 106496K, used 33932K [0x0000000081e00000, 0x0000000100000000)
  region size 1024K, 6 young (6144K), 6 survivors (6144K)
 Metaspace       used 70909K, committed 71488K, reserved 1114112K
  class space    used 9357K, committed 9664K, reserved 1048576K
}
Event: 16.022 GC heap before
{Heap before GC invocations=26 (full 0):
 garbage-first heap   total 106496K, used 83084K [0x0000000081e00000, 0x0000000100000000)
  region size 1024K, 55 young (56320K), 6 survivors (6144K)
 Metaspace       used 78591K, committed 79168K, reserved 1122304K
  class space    used 10442K, committed 10752K, reserved 1048576K
}
Event: 16.032 GC heap after
{Heap after GC invocations=27 (full 0):
 garbage-first heap   total 106496K, used 36394K [0x0000000081e00000, 0x0000000100000000)
  region size 1024K, 5 young (5120K), 5 survivors (5120K)
 Metaspace       used 78591K, committed 79168K, reserved 1122304K
  class space    used 10442K, committed 10752K, reserved 1048576K
}
Event: 17.113 GC heap before
{Heap before GC invocations=27 (full 0):
 garbage-first heap   total 106496K, used 85546K [0x0000000081e00000, 0x0000000100000000)
  region size 1024K, 53 young (54272K), 5 survivors (5120K)
 Metaspace       used 86050K, committed 86720K, reserved 1130496K
  class space    used 11609K, committed 11904K, reserved 1048576K
}
Event: 17.124 GC heap after
{Heap after GC invocations=28 (full 0):
 garbage-first heap   total 106496K, used 39956K [0x0000000081e00000, 0x0000000100000000)
  region size 1024K, 6 young (6144K), 6 survivors (6144K)
 Metaspace       used 86050K, committed 86720K, reserved 1130496K
  class space    used 11609K, committed 11904K, reserved 1048576K
}
Event: 17.583 GC heap before
{Heap before GC invocations=28 (full 0):
 garbage-first heap   total 106496K, used 85012K [0x0000000081e00000, 0x0000000100000000)
  region size 1024K, 51 young (52224K), 6 survivors (6144K)
 Metaspace       used 89458K, committed 90176K, reserved 1130496K
  class space    used 12214K, committed 12544K, reserved 1048576K
}
Event: 17.594 GC heap after
{Heap after GC invocations=29 (full 0):
 garbage-first heap   total 106496K, used 41689K [0x0000000081e00000, 0x0000000100000000)
  region size 1024K, 6 young (6144K), 6 survivors (6144K)
 Metaspace       used 89458K, committed 90176K, reserved 1130496K
  class space    used 12214K, committed 12544K, reserved 1048576K
}
Event: 17.671 GC heap before
{Heap before GC invocations=29 (full 0):
 garbage-first heap   total 106496K, used 85721K [0x0000000081e00000, 0x0000000100000000)
  region size 1024K, 49 young (50176K), 6 survivors (6144K)
 Metaspace       used 89464K, committed 90176K, reserved 1130496K
  class space    used 12214K, committed 12544K, reserved 1048576K
}

Deoptimization events (20 events):
Event: 17.543 Thread 0x0000024320a4da20 DEOPT PACKING pc=0x000002432c00053c sp=0x000000d6fc2f9730
Event: 17.543 Thread 0x0000024320a4da20 DEOPT UNPACKING pc=0x0000024324125c23 sp=0x000000d6fc2f96f0 mode 2
Event: 17.543 Thread 0x0000024320a4da20 Uncommon trap: trap_request=0xffffffd6 fr.pc=0x000002432c00053c relative=0x0000000000000ffc
Event: 17.543 Thread 0x0000024320a4da20 Uncommon trap: reason=array_check action=maybe_recompile pc=0x000002432c00053c method=org.antlr.v4.runtime.misc.Array2DHashSet.getOrAddImpl(Ljava/lang/Object;)Ljava/lang/Object; @ 36 c2
Event: 17.543 Thread 0x0000024320a4da20 DEOPT PACKING pc=0x000002432c00053c sp=0x000000d6fc2f9730
Event: 17.543 Thread 0x0000024320a4da20 DEOPT UNPACKING pc=0x0000024324125c23 sp=0x000000d6fc2f96f0 mode 2
Event: 17.543 Thread 0x0000024320a4da20 Uncommon trap: trap_request=0xffffffd6 fr.pc=0x000002432c00053c relative=0x0000000000000ffc
Event: 17.543 Thread 0x0000024320a4da20 Uncommon trap: reason=array_check action=maybe_recompile pc=0x000002432c00053c method=org.antlr.v4.runtime.misc.Array2DHashSet.getOrAddImpl(Ljava/lang/Object;)Ljava/lang/Object; @ 36 c2
Event: 17.543 Thread 0x0000024320a4da20 DEOPT PACKING pc=0x000002432c00053c sp=0x000000d6fc2f9730
Event: 17.543 Thread 0x0000024320a4da20 DEOPT UNPACKING pc=0x0000024324125c23 sp=0x000000d6fc2f96f0 mode 2
Event: 17.544 Thread 0x0000024320a4da20 Uncommon trap: trap_request=0xffffffd6 fr.pc=0x000002432bffa55c relative=0x00000000000045dc
Event: 17.544 Thread 0x0000024320a4da20 Uncommon trap: reason=array_check action=maybe_recompile pc=0x000002432bffa55c method=org.antlr.v4.runtime.misc.Array2DHashSet.getOrAddImpl(Ljava/lang/Object;)Ljava/lang/Object; @ 36 c2
Event: 17.544 Thread 0x0000024320a4da20 DEOPT PACKING pc=0x000002432bffa55c sp=0x000000d6fc2f9e20
Event: 17.544 Thread 0x0000024320a4da20 DEOPT UNPACKING pc=0x0000024324125c23 sp=0x000000d6fc2f9ca0 mode 2
Event: 17.552 Thread 0x0000024320a4da20 DEOPT PACKING pc=0x00000243254d863b sp=0x000000d6fc2f76a0
Event: 17.552 Thread 0x0000024320a4da20 DEOPT UNPACKING pc=0x0000024324126763 sp=0x000000d6fc2f6bb0 mode 0
Event: 17.579 Thread 0x0000024320a4da20 DEOPT PACKING pc=0x000002432548d91a sp=0x000000d6fc2f9780
Event: 17.579 Thread 0x0000024320a4da20 DEOPT UNPACKING pc=0x0000024324126763 sp=0x000000d6fc2f8ca0 mode 0
Event: 17.638 Thread 0x0000024320a4da20 DEOPT PACKING pc=0x00000243254daff0 sp=0x000000d6fc2f9730
Event: 17.638 Thread 0x0000024320a4da20 DEOPT UNPACKING pc=0x0000024324126763 sp=0x000000d6fc2f8bf8 mode 0

Classes unloaded (1 events):
Event: 5.517 Thread 0x0000024339bea620 Unloading class 0x0000000100238000 'net/bytebuddy/mirror/AccessibleObject'

Classes redefined (0 events):
No events

Internal exceptions (20 events):
Event: 16.587 Thread 0x0000024320a4da20 Exception <a 'java/lang/NoSuchMethodError'{0x0000000086ed4648}: 'int java.lang.invoke.DirectMethodHandle$Holder.invokeStatic(java.lang.Object, java.lang.Object, int)'> (0x0000000086ed4648) 
thrown [e:\jenkins\tmp\workspace\build\src\src\hotspot\share\interpreter\linkResolver.cpp, line 766]
Event: 16.595 Thread 0x0000024320a4da20 Exception <a 'java/lang/IncompatibleClassChangeError'{0x0000000086d199b8}: Found class java.lang.Object, but interface was expected> (0x0000000086d199b8) 
thrown [e:\jenkins\tmp\workspace\build\src\src\hotspot\share\interpreter\linkResolver.cpp, line 833]
Event: 16.595 Thread 0x0000024320a4da20 Exception <a 'java/lang/IncompatibleClassChangeError'{0x0000000086d20688}: Found class java.lang.Object, but interface was expected> (0x0000000086d20688) 
thrown [e:\jenkins\tmp\workspace\build\src\src\hotspot\share\interpreter\linkResolver.cpp, line 833]
Event: 16.672 Thread 0x0000024320a4da20 Implicit null exception at 0x000002432bfa1078 to 0x000002432bfa771c
Event: 16.701 Thread 0x0000024320a4da20 Exception <a 'java/lang/reflect/InvocationTargetException'{0x0000000086aae358}> (0x0000000086aae358) 
thrown [e:\jenkins\tmp\workspace\build\src\src\hotspot\share\runtime\reflection.cpp, line 1121]
Event: 16.729 Thread 0x0000024320a4da20 Exception <a 'java/lang/NoSuchMethodError'{0x0000000086980ab0}: 'int java.lang.invoke.DirectMethodHandle$Holder.invokeStaticInit(java.lang.Object, int, java.lang.Object, java.lang.Object, java.lang.Object, java.lang.Object)'> (0x0000000086980ab0) 
thrown [e:\jenkins\tmp\workspace\build\src\src\hotspot\share\interpreter\linkResolver.cpp, line 766]
Event: 16.800 Thread 0x0000024320a4da20 Exception <a 'java/lang/reflect/InvocationTargetException'{0x000000008678ceb8}> (0x000000008678ceb8) 
thrown [e:\jenkins\tmp\workspace\build\src\src\hotspot\share\runtime\reflection.cpp, line 1121]
Event: 16.835 Thread 0x0000024320a4da20 Exception <a 'java/lang/reflect/InvocationTargetException'{0x00000000866566e8}> (0x00000000866566e8) 
thrown [e:\jenkins\tmp\workspace\build\src\src\hotspot\share\runtime\reflection.cpp, line 1121]
Event: 17.491 Thread 0x0000024320a4da20 Exception <a 'java/lang/reflect/InvocationTargetException'{0x000000008611d120}> (0x000000008611d120) 
thrown [e:\jenkins\tmp\workspace\build\src\src\hotspot\share\runtime\reflection.cpp, line 1121]
Event: 17.495 Thread 0x0000024320a4da20 Exception <a 'java/lang/reflect/InvocationTargetException'{0x0000000086125dd8}> (0x0000000086125dd8) 
thrown [e:\jenkins\tmp\workspace\build\src\src\hotspot\share\runtime\reflection.cpp, line 1121]
Event: 17.498 Thread 0x0000024320a4da20 Exception <a 'java/lang/reflect/InvocationTargetException'{0x0000000086130fe8}> (0x0000000086130fe8) 
thrown [e:\jenkins\tmp\workspace\build\src\src\hotspot\share\runtime\reflection.cpp, line 1121]
Event: 17.500 Thread 0x0000024320a4da20 Exception <a 'java/lang/reflect/InvocationTargetException'{0x0000000086137a90}> (0x0000000086137a90) 
thrown [e:\jenkins\tmp\workspace\build\src\src\hotspot\share\runtime\reflection.cpp, line 1121]
Event: 17.502 Thread 0x0000024320a4da20 Exception <a 'java/lang/reflect/InvocationTargetException'{0x0000000086142228}> (0x0000000086142228) 
thrown [e:\jenkins\tmp\workspace\build\src\src\hotspot\share\runtime\reflection.cpp, line 1121]
Event: 17.502 Thread 0x0000024320a4da20 Exception <a 'java/lang/reflect/InvocationTargetException'{0x000000008614ba50}> (0x000000008614ba50) 
thrown [e:\jenkins\tmp\workspace\build\src\src\hotspot\share\runtime\reflection.cpp, line 1121]
Event: 17.503 Thread 0x0000024320a4da20 Exception <a 'java/lang/reflect/InvocationTargetException'{0x0000000086153140}> (0x0000000086153140) 
thrown [e:\jenkins\tmp\workspace\build\src\src\hotspot\share\runtime\reflection.cpp, line 1121]
Event: 17.505 Thread 0x0000024320a4da20 Exception <a 'java/lang/reflect/InvocationTargetException'{0x000000008615bd90}> (0x000000008615bd90) 
thrown [e:\jenkins\tmp\workspace\build\src\src\hotspot\share\runtime\reflection.cpp, line 1121]
Event: 17.508 Thread 0x0000024320a4da20 Exception <a 'java/lang/reflect/InvocationTargetException'{0x00000000861732f0}> (0x00000000861732f0) 
thrown [e:\jenkins\tmp\workspace\build\src\src\hotspot\share\runtime\reflection.cpp, line 1121]
Event: 17.509 Thread 0x0000024320a4da20 Exception <a 'java/lang/reflect/InvocationTargetException'{0x0000000086180c48}> (0x0000000086180c48) 
thrown [e:\jenkins\tmp\workspace\build\src\src\hotspot\share\runtime\reflection.cpp, line 1121]
Event: 17.511 Thread 0x0000024320a4da20 Exception <a 'java/lang/reflect/InvocationTargetException'{0x000000008618e658}> (0x000000008618e658) 
thrown [e:\jenkins\tmp\workspace\build\src\src\hotspot\share\runtime\reflection.cpp, line 1121]
Event: 17.513 Thread 0x0000024320a4da20 Exception <a 'java/lang/reflect/InvocationTargetException'{0x000000008619bf38}> (0x000000008619bf38) 
thrown [e:\jenkins\tmp\workspace\build\src\src\hotspot\share\runtime\reflection.cpp, line 1121]

VM Operations (20 events):
Event: 16.032 Executing VM operation: G1CollectForAllocation done
Event: 16.398 Executing VM operation: HandshakeAllThreads
Event: 16.398 Executing VM operation: HandshakeAllThreads done
Event: 16.474 Executing VM operation: HandshakeAllThreads
Event: 16.474 Executing VM operation: HandshakeAllThreads done
Event: 16.832 Executing VM operation: ICBufferFull
Event: 16.832 Executing VM operation: ICBufferFull done
Event: 17.035 Executing VM operation: HandshakeAllThreads
Event: 17.035 Executing VM operation: HandshakeAllThreads done
Event: 17.113 Executing VM operation: G1CollectForAllocation
Event: 17.129 Executing VM operation: G1CollectForAllocation done
Event: 17.177 Executing VM operation: HandshakeAllThreads
Event: 17.177 Executing VM operation: HandshakeAllThreads done
Event: 17.493 Executing VM operation: ICBufferFull
Event: 17.493 Executing VM operation: ICBufferFull done
Event: 17.512 Executing VM operation: ICBufferFull
Event: 17.512 Executing VM operation: ICBufferFull done
Event: 17.583 Executing VM operation: G1CollectForAllocation
Event: 17.595 Executing VM operation: G1CollectForAllocation done
Event: 17.671 Executing VM operation: G1CollectForAllocation

Events (20 events):
Event: 16.585 loading class java/lang/Character$Subset done
Event: 16.585 loading class java/lang/Character$UnicodeBlock done
Event: 16.628 loading class java/util/regex/Pattern$Bound
Event: 16.628 loading class java/util/regex/Pattern$Bound done
Event: 16.628 loading class java/util/regex/Pattern$SliceI
Event: 16.628 loading class java/util/regex/Pattern$SliceI done
Event: 16.629 loading class java/util/regex/Pattern$LookBehindEndNode
Event: 16.629 loading class java/util/regex/Pattern$LookBehindEndNode done
Event: 16.629 loading class java/util/regex/Pattern$NotBehind
Event: 16.629 loading class java/util/regex/Pattern$NotBehind done
Event: 16.630 loading class java/util/regex/Pattern$Neg
Event: 16.630 loading class java/util/regex/Pattern$Neg done
Event: 16.631 loading class java/util/regex/Pattern$Behind
Event: 16.631 loading class java/util/regex/Pattern$Behind done
Event: 16.631 loading class java/util/regex/Pattern$GroupCurly
Event: 16.631 loading class java/util/regex/Pattern$GroupCurly done
Event: 16.853 loading class java/util/EmptyStackException
Event: 16.853 loading class java/util/EmptyStackException done
Event: 17.016 loading class java/io/InvalidClassException
Event: 17.016 loading class java/io/InvalidClassException done


Dynamic libraries:
0x00007ff75baa0000 - 0x00007ff75baae000 	D:\eclipse-jee\plugins\org.eclipse.justj.openjdk.hotspot.jre.full.win32.x86_64_17.0.1.v20211116-1657\jre\bin\javaw.exe
0x00007ffee3100000 - 0x00007ffee3360000 	C:\WINDOWS\SYSTEM32\ntdll.dll
0x00007ffee21b0000 - 0x00007ffee2277000 	C:\WINDOWS\System32\KERNEL32.DLL
0x00007ffee02e0000 - 0x00007ffee06aa000 	C:\WINDOWS\System32\KERNELBASE.dll
0x00007ffee0820000 - 0x00007ffee096b000 	C:\WINDOWS\System32\ucrtbase.dll
0x00007ffec8b60000 - 0x00007ffec8b78000 	D:\eclipse-jee\plugins\org.eclipse.justj.openjdk.hotspot.jre.full.win32.x86_64_17.0.1.v20211116-1657\jre\bin\jli.dll
0x00007ffee26e0000 - 0x00007ffee28ac000 	C:\WINDOWS\System32\USER32.dll
0x00007ffee0a30000 - 0x00007ffee0a57000 	C:\WINDOWS\System32\win32u.dll
0x00007ffee18b0000 - 0x00007ffee18da000 	C:\WINDOWS\System32\GDI32.dll
0x00007ffee0dc0000 - 0x00007ffee0ef1000 	C:\WINDOWS\System32\gdi32full.dll
0x00007ffee0c80000 - 0x00007ffee0d23000 	C:\WINDOWS\System32\msvcp_win.dll
0x00007ffec3f30000 - 0x00007ffec3f49000 	D:\eclipse-jee\plugins\org.eclipse.justj.openjdk.hotspot.jre.full.win32.x86_64_17.0.1.v20211116-1657\jre\bin\VCRUNTIME140.dll
0x00007ffecca80000 - 0x00007ffeccd17000 	C:\WINDOWS\WinSxS\amd64_microsoft.windows.common-controls_6595b64144ccf1df_6.0.26100.3624_none_3e086962e3345f24\COMCTL32.dll
0x00007ffee1530000 - 0x00007ffee15d9000 	C:\WINDOWS\System32\msvcrt.dll
0x00007ffee1400000 - 0x00007ffee142f000 	C:\WINDOWS\System32\IMM32.DLL
0x000002431e810000 - 0x000002431e826000 	C:\WINDOWS\System32\umppc20610.dll
0x000002431e850000 - 0x000002431e864000 	C:\WINDOWS\System32\CsXumd64_20610.dll
0x00007ffed7660000 - 0x00007ffed766c000 	D:\eclipse-jee\plugins\org.eclipse.justj.openjdk.hotspot.jre.full.win32.x86_64_17.0.1.v20211116-1657\jre\bin\vcruntime140_1.dll
0x00007ffeb8fe0000 - 0x00007ffeb9071000 	D:\eclipse-jee\plugins\org.eclipse.justj.openjdk.hotspot.jre.full.win32.x86_64_17.0.1.v20211116-1657\jre\bin\msvcp140.dll
0x00007ffea1c20000 - 0x00007ffea2866000 	D:\eclipse-jee\plugins\org.eclipse.justj.openjdk.hotspot.jre.full.win32.x86_64_17.0.1.v20211116-1657\jre\bin\server\jvm.dll
0x00007ffee18e0000 - 0x00007ffee1992000 	C:\WINDOWS\System32\ADVAPI32.dll
0x00007ffee20d0000 - 0x00007ffee2176000 	C:\WINDOWS\System32\sechost.dll
0x00007ffee2de0000 - 0x00007ffee2ef6000 	C:\WINDOWS\System32\RPCRT4.dll
0x00007ffee1300000 - 0x00007ffee1308000 	C:\WINDOWS\System32\PSAPI.DLL
0x00007ffed1230000 - 0x00007ffed123a000 	C:\WINDOWS\SYSTEM32\WSOCK32.dll
0x00007ffee2470000 - 0x00007ffee24e4000 	C:\WINDOWS\System32\WS2_32.dll
0x00007ffec8f70000 - 0x00007ffec8fa6000 	C:\WINDOWS\SYSTEM32\WINMM.dll
0x00007ffed25c0000 - 0x00007ffed25cb000 	C:\WINDOWS\SYSTEM32\VERSION.dll
0x00007ffedefd0000 - 0x00007ffedefea000 	C:\WINDOWS\SYSTEM32\kernel.appcore.dll
0x00007ffedb230000 - 0x00007ffedb23a000 	D:\eclipse-jee\plugins\org.eclipse.justj.openjdk.hotspot.jre.full.win32.x86_64_17.0.1.v20211116-1657\jre\bin\jimage.dll
0x00007ffeccd90000 - 0x00007ffeccfd1000 	C:\WINDOWS\SYSTEM32\DBGHELP.DLL
0x00007ffee0f70000 - 0x00007ffee12f2000 	C:\WINDOWS\System32\combase.dll
0x00007ffee1320000 - 0x00007ffee13f6000 	C:\WINDOWS\System32\OLEAUT32.dll
0x00007ffecb690000 - 0x00007ffecb6c9000 	C:\WINDOWS\SYSTEM32\dbgcore.DLL
0x00007ffee0be0000 - 0x00007ffee0c79000 	C:\WINDOWS\System32\bcryptPrimitives.dll
0x00007ffecc460000 - 0x00007ffecc485000 	D:\eclipse-jee\plugins\org.eclipse.justj.openjdk.hotspot.jre.full.win32.x86_64_17.0.1.v20211116-1657\jre\bin\java.dll
0x00007ffed7470000 - 0x00007ffed7488000 	D:\eclipse-jee\plugins\org.eclipse.justj.openjdk.hotspot.jre.full.win32.x86_64_17.0.1.v20211116-1657\jre\bin\zip.dll
0x00007ffee19a0000 - 0x00007ffee20c9000 	C:\WINDOWS\System32\SHELL32.dll
0x00007ffee06b0000 - 0x00007ffee0818000 	C:\WINDOWS\System32\wintypes.dll
0x00007ffeddc90000 - 0x00007ffede4e2000 	C:\WINDOWS\SYSTEM32\windows.storage.dll
0x00007ffee2280000 - 0x00007ffee236d000 	C:\WINDOWS\System32\SHCORE.dll
0x00007ffee0f00000 - 0x00007ffee0f64000 	C:\WINDOWS\System32\shlwapi.dll
0x00007ffee01f0000 - 0x00007ffee021f000 	C:\WINDOWS\SYSTEM32\profapi.dll
0x00007ffed7450000 - 0x00007ffed7469000 	D:\eclipse-jee\plugins\org.eclipse.justj.openjdk.hotspot.jre.full.win32.x86_64_17.0.1.v20211116-1657\jre\bin\net.dll
0x00007ffedeff0000 - 0x00007ffedf10d000 	C:\WINDOWS\SYSTEM32\WINHTTP.dll
0x00007ffedf610000 - 0x00007ffedf67a000 	C:\WINDOWS\system32\mswsock.dll
0x00007ffecc320000 - 0x00007ffecc335000 	D:\eclipse-jee\plugins\org.eclipse.justj.openjdk.hotspot.jre.full.win32.x86_64_17.0.1.v20211116-1657\jre\bin\nio.dll
0x00007ffede8a0000 - 0x00007ffede8d3000 	C:\WINDOWS\SYSTEM32\IPHLPAPI.DLL
0x00007ffee1310000 - 0x00007ffee131a000 	C:\WINDOWS\System32\NSI.dll
0x00007ffed91e0000 - 0x00007ffed91ff000 	C:\WINDOWS\SYSTEM32\dhcpcsvc6.DLL
0x00007ffed91b0000 - 0x00007ffed91d5000 	C:\WINDOWS\SYSTEM32\dhcpcsvc.DLL
0x00007ffede970000 - 0x00007ffedea95000 	C:\WINDOWS\SYSTEM32\DNSAPI.dll
0x00007ffed0c20000 - 0x00007ffed0c2e000 	D:\eclipse-jee\plugins\org.eclipse.justj.openjdk.hotspot.jre.full.win32.x86_64_17.0.1.v20211116-1657\jre\bin\sunmscapi.dll
0x00007ffee0a60000 - 0x00007ffee0bd7000 	C:\WINDOWS\System32\CRYPT32.dll
0x00007ffedfab0000 - 0x00007ffedfae0000 	C:\WINDOWS\SYSTEM32\ncrypt.dll
0x00007ffedfa60000 - 0x00007ffedfa9f000 	C:\WINDOWS\SYSTEM32\NTASN1.dll
0x00007ffed7630000 - 0x00007ffed7639000 	D:\eclipse-jee\plugins\org.eclipse.justj.openjdk.hotspot.jre.full.win32.x86_64_17.0.1.v20211116-1657\jre\bin\management.dll
0x00007ffed2e60000 - 0x00007ffed2e6b000 	D:\eclipse-jee\plugins\org.eclipse.justj.openjdk.hotspot.jre.full.win32.x86_64_17.0.1.v20211116-1657\jre\bin\management_ext.dll
0x00007ffedf8b0000 - 0x00007ffedf8cc000 	C:\WINDOWS\SYSTEM32\CRYPTSP.dll
0x00007ffedef30000 - 0x00007ffedef6a000 	C:\WINDOWS\system32\rsaenh.dll
0x00007ffedf6b0000 - 0x00007ffedf6db000 	C:\WINDOWS\SYSTEM32\USERENV.dll
0x00007ffee01c0000 - 0x00007ffee01e6000 	C:\WINDOWS\SYSTEM32\bcrypt.dll
0x00007ffedf8d0000 - 0x00007ffedf8dc000 	C:\WINDOWS\SYSTEM32\CRYPTBASE.dll

dbghelp: loaded successfully - version: 4.0.5 - missing functions: none
symbol engine: initialized successfully - sym options: 0x614 - pdb path: .;D:\eclipse-jee\plugins\org.eclipse.justj.openjdk.hotspot.jre.full.win32.x86_64_17.0.1.v20211116-1657\jre\bin;C:\WINDOWS\SYSTEM32;C:\WINDOWS\WinSxS\amd64_microsoft.windows.common-controls_6595b64144ccf1df_6.0.26100.3624_none_3e086962e3345f24;D:\eclipse-jee\plugins\org.eclipse.justj.openjdk.hotspot.jre.full.win32.x86_64_17.0.1.v20211116-1657\jre\bin\server

VM Arguments:
jvm_args: -ea -Dfile.encoding=UTF-8 -XX:+ShowCodeDetailsInExceptionMessages 
java_command: org.eclipse.jdt.internal.junit.runner.RemoteTestRunner -version 3 -port 53297 -testLoaderClass org.eclipse.jdt.internal.junit5.runner.JUnit5TestLoader -loaderpluginname org.eclipse.jdt.junit5.runtime -packageNameFile C:\Users\3207018\AppData\Local\Temp\packageNames808268544522066593.txt
java_class_path (initial): C:\Users\3207018\Desktop\servease\target\test-classes;C:\Users\3207018\Desktop\servease\target\classes;C:\Users\3207018\.m2\repository\org\springframework\boot\spring-boot-starter-web\3.5.14\spring-boot-starter-web-3.5.14.jar;C:\Users\3207018\.m2\repository\org\springframework\boot\spring-boot-starter\3.5.14\spring-boot-starter-3.5.14.jar;C:\Users\3207018\.m2\repository\org\springframework\boot\spring-boot-starter-logging\3.5.14\spring-boot-starter-logging-3.5.14.jar;C:\Users\3207018\.m2\repository\ch\qos\logback\logback-classic\1.5.32\logback-classic-1.5.32.jar;C:\Users\3207018\.m2\repository\ch\qos\logback\logback-core\1.5.32\logback-core-1.5.32.jar;C:\Users\3207018\.m2\repository\org\apache\logging\log4j\log4j-to-slf4j\2.24.3\log4j-to-slf4j-2.24.3.jar;C:\Users\3207018\.m2\repository\org\apache\logging\log4j\log4j-api\2.24.3\log4j-api-2.24.3.jar;C:\Users\3207018\.m2\repository\org\slf4j\jul-to-slf4j\2.0.17\jul-to-slf4j-2.0.17.jar;C:\Users\3207018\.m2\repository\jakarta\annotation\jakarta.annotation-api\2.1.1\jakarta.annotation-api-2.1.1.jar;C:\Users\3207018\.m2\repository\org\yaml\snakeyaml\2.4\snakeyaml-2.4.jar;C:\Users\3207018\.m2\repository\org\springframework\boot\spring-boot-starter-json\3.5.14\spring-boot-starter-json-3.5.14.jar;C:\Users\3207018\.m2\repository\com\fasterxml\jackson\core\jackson-databind\2.21.2\jackson-databind-2.21.2.jar;C:\Users\3207018\.m2\repository\com\fasterxml\jackson\core\jackson-annotations\2.21\jackson-annotations-2.21.jar;C:\Users\3207018\.m2\repository\com\fasterxml\jackson\core\jackson-core\2.21.2\jackson-core-2.21.2.jar;C:\Users\3207018\.m2\repository\com\fasterxml\jackson\datatype\jackson-datatype-jdk8\2.21.2\jackson-datatype-jdk8-2.21.2.jar;C:\Users\3207018\.m2\repository\com\fasterxml\jackson\datatype\jackson-datatype-jsr310\2.21.2\jackson-datatype-jsr310-2.21.2.jar;C:\Users\3207018\.m2\repository\com\fasterxml\jackson\module\jackson-module-parameter-names\2.21.2\jackson-module-parameter-names-2.2
Launcher Type: SUN_STANDARD

[Global flags]
     intx CICompilerCount                          = 2                                         {product} {ergonomic}
     uint ConcGCThreads                            = 1                                         {product} {ergonomic}
     uint G1ConcRefinementThreads                  = 2                                         {product} {ergonomic}
   size_t G1HeapRegionSize                         = 1048576                                   {product} {ergonomic}
    uintx GCDrainStackTargetSize                   = 64                                        {product} {ergonomic}
   size_t InitialHeapSize                          = 134217728                                 {product} {ergonomic}
   size_t MarkStackSize                            = 4194304                                   {product} {ergonomic}
   size_t MaxHeapSize                              = 2116026368                                {product} {ergonomic}
   size_t MaxNewSize                               = 1268776960                                {product} {ergonomic}
   size_t MinHeapDeltaBytes                        = 1048576                                   {product} {ergonomic}
   size_t MinHeapSize                              = 8388608                                   {product} {ergonomic}
    uintx NonNMethodCodeHeapSize                   = 5826188                                {pd product} {ergonomic}
    uintx NonProfiledCodeHeapSize                  = 122916026                              {pd product} {ergonomic}
    uintx ProfiledCodeHeapSize                     = 122916026                              {pd product} {ergonomic}
    uintx ReservedCodeCacheSize                    = 251658240                              {pd product} {ergonomic}
     bool SegmentedCodeCache                       = true                                      {product} {ergonomic}
     bool ShowCodeDetailsInExceptionMessages       = true                                   {manageable} {command line}
   size_t SoftMaxHeapSize                          = 2116026368                             {manageable} {ergonomic}
     bool UseCompressedClassPointers               = true                           {product lp64_product} {ergonomic}
     bool UseCompressedOops                        = true                           {product lp64_product} {ergonomic}
     bool UseG1GC                                  = true                                      {product} {ergonomic}
     bool UseLargePagesIndividualAllocation        = false                                  {pd product} {ergonomic}

Logging:
Log output configuration:
 #0: stdout all=warning uptime,level,tags
 #1: stderr all=off uptime,level,tags

Environment Variables:
JAVA_HOME=C:\Program Files\OpenLogic\jdk-17.0.12.7-hotspot
PATH=D:/eclipse-jee//plugins/org.eclipse.justj.openjdk.hotspot.jre.full.win32.x86_64_17.0.1.v20211116-1657/jre/bin/server;D:/eclipse-jee//plugins/org.eclipse.justj.openjdk.hotspot.jre.full.win32.x86_64_17.0.1.v20211116-1657/jre/bin;C:\Program Files\Python311\Scripts\;C:\Program Files\Python311\;C:\WINDOWS\system32;C:\WINDOWS;C:\WINDOWS\System32\Wbem;C:\WINDOWS\System32\WindowsPowerShell\v1.0\;C:\WINDOWS\System32\OpenSSH\;C:\Program Files\Git\cmd;C:\Temp\apache-tomcat-9.0.5-windows-x64\apache-tomcat-9.0.5\bin;C:\Temp\db-derby-10.17.1.0-bin\db-derby-10.17.1.0-bin\bin;C:\Program Files\nodejs\;C:\Program Files\Microsoft SQL Server\150\Tools\Binn\;C:\Users\controller\AppData\Roaming\npm;C:\Users\controller\AppData\Roaming\npm\node_modules\@angular\cli\bin;C:\Program Files\dotnet\;C:\Program Files\nodejs\node_modules\npm\bin;C:\Temp\apache-maven-3.9.8-bin 1\apache-maven-3.9.8\bin;C:\Program Files\OpenLogic\jdk-17.0.12.7-hotspot\bin;C:\Program Files\OpenLogic\jdk-17.0.12.7-hotspot\bin;C:\Temp\apache-maven-3.9.8-bin 1\apache-maven-3.9.8\bin;C:\Program Files\Microsoft VS Code\bin;C:\Program Files\ServiceNow\agent-client-collector\bin;C:\Program Files\ServiceNow\agent-client-collector\embedded\bin;C:\Users\3207018\AppData\Local\Microsoft\WindowsApps;;D:\eclipse-jee;
USERNAME=3207018
OS=Windows_NT
PROCESSOR_IDENTIFIER=Intel64 Family 6 Model 143 Stepping 4, GenuineIntel



---------------  S Y S T E M  ---------------

OS:
 Windows 10 , 64 bit Build 26100 (10.0.26100.3775)
OS uptime: 2 days 8:48 hours
KVM virtualization detected

CPU: total 2 (initial active 2) (2 cores per cpu, 1 threads per core) family 6 model 143 stepping 4 microcode 0x1, cx8, cmov, fxsr, mmx, 3dnowpref, sse, sse2, sse3, ssse3, sse4.1, sse4.2, popcnt, lzcnt, tsc, avx, avx2, aes, erms, clmul, bmi1, bmi2, adx, avx512f, avx512dq, avx512cd, avx512bw, avx512vl, sha, fma, vzeroupper, avx512_vpopcntdq, avx512_vpclmulqdq, avx512_vaes, avx512_vnni, clflush, clflushopt, clwb, avx512_vbmi2, avx512_vbmi, hv

Memory: 4k page, system-wide physical 8068M (1790M free)
TotalPageFile size 15301M (AvailPageFile size 25M)
current process WorkingSet (physical memory assigned to process): 311M, peak: 312M
current process commit charge ("private bytes"): 328M, peak: 423M

vm_info: OpenJDK 64-Bit Server VM (17.0.1+12) for windows-amd64 JRE (17.0.1+12), built on Oct 20 2021 07:42:55 by "" with MS VC++ 16.7 (VS2019)

END.
