#
# There is insufficient memory for the Java Runtime Environment to continue.
# Native memory allocation (mmap) failed to map 101711872 bytes for G1 virtual space
# Possible reasons:
#   The system is out of physical RAM or swap space
#   The process is running with CompressedOops enabled, and the Java Heap may be blocking the growth of the native heap
# Possible solutions:
#   Reduce memory load on the system
#   Increase physical memory or swap space
#   Check if swap backing store is full
#   Decrease Java heap size (-Xmx/-Xms)
#   Decrease number of Java threads
#   Decrease Java thread stack sizes (-Xss)
#   Set larger code cache with -XX:ReservedCodeCacheSize=
#   JVM is running with Unscaled Compressed Oops mode in which the Java heap is
#     placed in the first 4GB address space. The Java Heap base address is the
#     maximum limit for the native heap growth. Please use -XX:HeapBaseMinAddress
#     to set the Java Heap base and to place the Java Heap above 4GB virtual address.
# This output file may be truncated or incomplete.
#
#  Out of Memory Error (os_windows.cpp:3469), pid=19000, tid=15916
#
# JRE version: OpenJDK Runtime Environment Temurin-17.0.1+12 (17.0.1+12) (build 17.0.1+12)
# Java VM: OpenJDK 64-Bit Server VM Temurin-17.0.1+12 (17.0.1+12, mixed mode, tiered, compressed oops, compressed class ptrs, g1 gc, windows-amd64)
# No core dump will be written. Minidumps are not enabled by default on client versions of Windows
#

---------------  S U M M A R Y ------------

Command Line: C:\Users\3207018\AppData\Local\Temp\surefire13658744456812505886\surefirebooter-20260514160438556_3.jar C:\Users\3207018\AppData\Local\Temp\surefire13658744456812505886 2026-05-14T16-04-38_198-jvmRun1 surefire-20260514160438556_1tmp surefire_0-20260514160438556_2tmp

Host: Intel Xeon Processor (SapphireRapids), 2 cores, 7G,  Windows 10 , 64 bit Build 26100 (10.0.26100.3775)
Time: Thu May 14 16:04:59 2026 India Standard Time elapsed time: 20.768743 seconds (0d 0h 0m 20s)

---------------  T H R E A D  ---------------

Current thread (0x0000023576fe1a50):  VMThread "VM Thread" [stack: 0x000000da5a200000,0x000000da5a300000] [id=15916]

Stack: [0x000000da5a200000,0x000000da5a300000]
Native frames: (J=compiled Java code, j=interpreted, Vv=VM code, C=native code)
V  [jvm.dll+0x6744da]
V  [jvm.dll+0x82e144]
V  [jvm.dll+0x82f8ee]
V  [jvm.dll+0x82ff53]
V  [jvm.dll+0x245175]
V  [jvm.dll+0x6714c9]
V  [jvm.dll+0x665f92]
V  [jvm.dll+0x303c3b]
V  [jvm.dll+0x30b176]
V  [jvm.dll+0x35af1e]
V  [jvm.dll+0x35b14f]
V  [jvm.dll+0x2dab78]
V  [jvm.dll+0x2d8e2c]
V  [jvm.dll+0x2d83fc]
V  [jvm.dll+0x31c24b]
V  [jvm.dll+0x8343bb]
V  [jvm.dll+0x8350f4]
V  [jvm.dll+0x83560c]
V  [jvm.dll+0x8359e4]
V  [jvm.dll+0x835ab0]
V  [jvm.dll+0x7de51a]
V  [jvm.dll+0x673305]
C  [ucrtbase.dll+0x37b0]
C  [KERNEL32.DLL+0x2e8d7]
C  [ntdll.dll+0xb14fc]

VM_Operation (0x000000da59cfa1a0): G1CollectForAllocation, mode: safepoint, requested by thread 0x000002355de4b3f0


---------------  P R O C E S S  ---------------

Threads class SMR info:
_java_thread_list=0x00000235796d00a0, length=15, elements={
0x000002355de4b3f0, 0x0000023576fb4f40, 0x0000023576fbddd0, 0x0000023577002980,
0x0000023577003240, 0x0000023577c15830, 0x0000023577c160f0, 0x000002357701be90,
0x000002357701e9e0, 0x0000023577c83920, 0x0000023577d808c0, 0x0000023577d89030,
0x0000023577e1b040, 0x0000023577ffe0e0, 0x000002357a3f7430
}

Java Threads: ( => current thread )
  0x000002355de4b3f0 JavaThread "main" [_thread_blocked, id=14200, stack(0x000000da59c00000,0x000000da59d00000)]
  0x0000023576fb4f40 JavaThread "Reference Handler" daemon [_thread_blocked, id=5388, stack(0x000000da5a300000,0x000000da5a400000)]
  0x0000023576fbddd0 JavaThread "Finalizer" daemon [_thread_blocked, id=18956, stack(0x000000da5a400000,0x000000da5a500000)]
  0x0000023577002980 JavaThread "Signal Dispatcher" daemon [_thread_blocked, id=10640, stack(0x000000da5a500000,0x000000da5a600000)]
  0x0000023577003240 JavaThread "Attach Listener" daemon [_thread_blocked, id=16828, stack(0x000000da5a600000,0x000000da5a700000)]
  0x0000023577c15830 JavaThread "Service Thread" daemon [_thread_blocked, id=260, stack(0x000000da5a700000,0x000000da5a800000)]
  0x0000023577c160f0 JavaThread "Monitor Deflation Thread" daemon [_thread_blocked, id=9984, stack(0x000000da5a800000,0x000000da5a900000)]
  0x000002357701be90 JavaThread "C2 CompilerThread0" daemon [_thread_blocked, id=5640, stack(0x000000da5a900000,0x000000da5aa00000)]
  0x000002357701e9e0 JavaThread "C1 CompilerThread0" daemon [_thread_blocked, id=18156, stack(0x000000da5aa00000,0x000000da5ab00000)]
  0x0000023577c83920 JavaThread "Sweeper thread" daemon [_thread_blocked, id=7692, stack(0x000000da5ab00000,0x000000da5ac00000)]
  0x0000023577d808c0 JavaThread "Notification Thread" daemon [_thread_blocked, id=6252, stack(0x000000da5ac00000,0x000000da5ad00000)]
  0x0000023577d89030 JavaThread "Common-Cleaner" daemon [_thread_blocked, id=18736, stack(0x000000da5ae00000,0x000000da5af00000)]
  0x0000023577e1b040 JavaThread "surefire-forkedjvm-stream-flusher" daemon [_thread_blocked, id=5224, stack(0x000000da5b000000,0x000000da5b100000)]
  0x0000023577ffe0e0 JavaThread "surefire-forkedjvm-command-thread" daemon [_thread_in_native, id=3548, stack(0x000000da5b100000,0x000000da5b200000)]
  0x000002357a3f7430 JavaThread "Thread-4" [_thread_blocked, id=7312, stack(0x000000da5b200000,0x000000da5b300000)]

Other Threads:
=>0x0000023576fe1a50 VMThread "VM Thread" [stack: 0x000000da5a200000,0x000000da5a300000] [id=15916]
  0x0000023577d80d90 WatcherThread [stack: 0x000000da5ad00000,0x000000da5ae00000] [id=16816]
  0x000002355de8b1d0 GCTaskThread "GC Thread#0" [stack: 0x000000da59d00000,0x000000da59e00000] [id=17168]
  0x0000023577e7bbf0 GCTaskThread "GC Thread#1" [stack: 0x000000da5af00000,0x000000da5b000000] [id=14176]
  0x000002355de9bb60 ConcurrentGCThread "G1 Main Marker" [stack: 0x000000da59e00000,0x000000da59f00000] [id=13164]
  0x000002355de9d0c0 ConcurrentGCThread "G1 Conc#0" [stack: 0x000000da59f00000,0x000000da5a000000] [id=12140]
  0x000002355df0bc80 ConcurrentGCThread "G1 Refine#0" [stack: 0x000000da5a000000,0x000000da5a100000] [id=10276]
  0x000002355df0c4b0 ConcurrentGCThread "G1 Service" [stack: 0x000000da5a100000,0x000000da5a200000] [id=692]

Threads with active compile tasks:

VM state: at safepoint (normal execution)

VM Mutex/Monitor currently owned by a thread:  ([mutex/lock_event])
[0x000002355de47040] Threads_lock - owner thread: 0x0000023576fe1a50
[0x000002355de46740] Heap_lock - owner thread: 0x000002355de4b3f0

Heap address: 0x0000000081e00000, size: 2018 MB, Compressed Oops mode: 32-bit

CDS archive(s) not mapped
Compressed class space mapped at: 0x0000000100000000-0x0000000140000000, reserved size: 1073741824
Narrow klass base: 0x0000000000000000, Narrow klass shift: 3, Narrow klass range: 0x140000000

GC Precious Log:
 CPUs: 2 total, 2 available
 Memory: 8068M
 Large Page Support: Disabled
 NUMA Support: Disabled
 Compressed Oops: Enabled (32-bit)
 Heap Region Size: 1M
 Heap Min Capacity: 8M
 Heap Initial Capacity: 128M
 Heap Max Capacity: 2018M
 Pre-touch: Disabled
 Parallel Workers: 2
 Concurrent Workers: 1
 Concurrent Refinement Workers: 2
 Periodic GC: Disabled

Heap:
 garbage-first heap   total 74752K, used 23837K [0x0000000081e00000, 0x0000000100000000)
  region size 1024K, 1 young (1024K), 1 survivors (1024K)
 Metaspace       used 40560K, committed 41024K, reserved 1089536K
  class space    used 4953K, committed 5184K, reserved 1048576K

Heap Regions: E=young(eden), S=young(survivor), O=old, HS=humongous(starts), HC=humongous(continues), CS=collection set, F=free, OA=open archive, CA=closed archive, TAMS=top-at-mark-start (previous, next)
|   0|0x0000000081e00000, 0x0000000081f00000, 0x0000000081f00000|100%| O|  |TAMS 0x0000000081f00000, 0x0000000081e00000| Untracked 
|   1|0x0000000081f00000, 0x0000000082000000, 0x0000000082000000|100%|HS|  |TAMS 0x0000000082000000, 0x0000000081f00000| Complete 
|   2|0x0000000082000000, 0x0000000082100000, 0x0000000082100000|100%|HS|  |TAMS 0x0000000082100000, 0x0000000082000000| Complete 
|   3|0x0000000082100000, 0x0000000082200000, 0x0000000082200000|100%| O|  |TAMS 0x0000000082200000, 0x0000000082100000| Untracked 
|   4|0x0000000082200000, 0x0000000082300000, 0x0000000082300000|100%| O|  |TAMS 0x0000000082300000, 0x0000000082200000| Untracked 
|   5|0x0000000082300000, 0x0000000082400000, 0x0000000082400000|100%| O|  |TAMS 0x0000000082400000, 0x0000000082300000| Untracked 
|   6|0x0000000082400000, 0x0000000082500000, 0x0000000082500000|100%| O|  |TAMS 0x0000000082500000, 0x0000000082400000| Untracked 
|   7|0x0000000082500000, 0x0000000082600000, 0x0000000082600000|100%| O|  |TAMS 0x0000000082600000, 0x0000000082500000| Untracked 
|   8|0x0000000082600000, 0x0000000082700000, 0x0000000082700000|100%| O|  |TAMS 0x0000000082700000, 0x0000000082600000| Untracked 
|   9|0x0000000082700000, 0x0000000082800000, 0x0000000082800000|100%| O|  |TAMS 0x0000000082800000, 0x0000000082700000| Updating 
|  10|0x0000000082800000, 0x0000000082900000, 0x0000000082900000|100%| O|  |TAMS 0x0000000082900000, 0x0000000082800000| Untracked 
|  11|0x0000000082900000, 0x0000000082a00000, 0x0000000082a00000|100%| O|  |TAMS 0x0000000082a00000, 0x0000000082900000| Updating 
|  12|0x0000000082a00000, 0x0000000082b00000, 0x0000000082b00000|100%| O|  |TAMS 0x0000000082b00000, 0x0000000082a00000| Untracked 
|  13|0x0000000082b00000, 0x0000000082c00000, 0x0000000082c00000|100%| O|  |TAMS 0x0000000082c00000, 0x0000000082b00000| Updating 
|  14|0x0000000082c00000, 0x0000000082d00000, 0x0000000082d00000|100%| O|  |TAMS 0x0000000082d00000, 0x0000000082c00000| Updating 
|  15|0x0000000082d00000, 0x0000000082e00000, 0x0000000082e00000|100%| O|  |TAMS 0x0000000082e00000, 0x0000000082d00000| Updating 
|  16|0x0000000082e00000, 0x0000000082f00000, 0x0000000082f00000|100%| O|  |TAMS 0x0000000082f00000, 0x0000000082e00000| Updating 
|  17|0x0000000082f00000, 0x0000000083000000, 0x0000000083000000|100%| O|  |TAMS 0x0000000083000000, 0x0000000082f00000| Updating 
|  18|0x0000000083000000, 0x0000000083100000, 0x0000000083100000|100%| O|  |TAMS 0x0000000083100000, 0x0000000083000000| Updating 
|  19|0x0000000083100000, 0x0000000083200000, 0x0000000083200000|100%| O|  |TAMS 0x0000000083200000, 0x0000000083100000| Updating 
|  20|0x0000000083200000, 0x0000000083300000, 0x0000000083300000|100%| O|  |TAMS 0x0000000083300000, 0x0000000083200000| Updating 
|  21|0x0000000083300000, 0x0000000083400000, 0x0000000083400000|100%| O|  |TAMS 0x0000000083337e00, 0x0000000083300000| Untracked 
|  22|0x0000000083400000, 0x0000000083500000, 0x0000000083500000|100%| O|  |TAMS 0x0000000083400000, 0x0000000083400000| Untracked 
|  23|0x0000000083500000, 0x000000008352da00, 0x0000000083600000| 17%| O|  |TAMS 0x0000000083500000, 0x0000000083500000| Updating 
|  24|0x0000000083600000, 0x0000000083600000, 0x0000000083700000|  0%| F|  |TAMS 0x0000000083600000, 0x0000000083600000| Untracked 
|  25|0x0000000083700000, 0x0000000083700000, 0x0000000083800000|  0%| F|  |TAMS 0x0000000083700000, 0x0000000083700000| Untracked 
|  26|0x0000000083800000, 0x0000000083800000, 0x0000000083900000|  0%| F|  |TAMS 0x0000000083800000, 0x0000000083800000| Untracked 
|  27|0x0000000083900000, 0x0000000083900000, 0x0000000083a00000|  0%| F|  |TAMS 0x0000000083900000, 0x0000000083900000| Untracked 
|  28|0x0000000083a00000, 0x0000000083a00000, 0x0000000083b00000|  0%| F|  |TAMS 0x0000000083a00000, 0x0000000083a00000| Untracked 
|  29|0x0000000083b00000, 0x0000000083b00000, 0x0000000083c00000|  0%| F|  |TAMS 0x0000000083b00000, 0x0000000083b00000| Untracked 
|  30|0x0000000083c00000, 0x0000000083c00000, 0x0000000083d00000|  0%| F|  |TAMS 0x0000000083c00000, 0x0000000083c00000| Untracked 
|  31|0x0000000083d00000, 0x0000000083d00000, 0x0000000083e00000|  0%| F|  |TAMS 0x0000000083d00000, 0x0000000083d00000| Untracked 
|  32|0x0000000083e00000, 0x0000000083e00000, 0x0000000083f00000|  0%| F|  |TAMS 0x0000000083e00000, 0x0000000083e00000| Untracked 
|  33|0x0000000083f00000, 0x0000000083f00000, 0x0000000084000000|  0%| F|  |TAMS 0x0000000083f00000, 0x0000000083f00000| Untracked 
|  34|0x0000000084000000, 0x0000000084000000, 0x0000000084100000|  0%| F|  |TAMS 0x0000000084000000, 0x0000000084000000| Untracked 
|  35|0x0000000084100000, 0x0000000084100000, 0x0000000084200000|  0%| F|  |TAMS 0x0000000084100000, 0x0000000084100000| Untracked 
|  36|0x0000000084200000, 0x0000000084200000, 0x0000000084300000|  0%| F|  |TAMS 0x0000000084200000, 0x0000000084200000| Untracked 
|  37|0x0000000084300000, 0x0000000084300000, 0x0000000084400000|  0%| F|  |TAMS 0x0000000084300000, 0x0000000084300000| Untracked 
|  38|0x0000000084400000, 0x0000000084400000, 0x0000000084500000|  0%| F|  |TAMS 0x0000000084400000, 0x0000000084400000| Untracked 
|  39|0x0000000084500000, 0x0000000084500000, 0x0000000084600000|  0%| F|  |TAMS 0x0000000084500000, 0x0000000084500000| Untracked 
|  40|0x0000000084600000, 0x0000000084600000, 0x0000000084700000|  0%| F|  |TAMS 0x0000000084600000, 0x0000000084600000| Untracked 
|  41|0x0000000084700000, 0x0000000084700000, 0x0000000084800000|  0%| F|  |TAMS 0x0000000084700000, 0x0000000084700000| Untracked 
|  42|0x0000000084800000, 0x0000000084800000, 0x0000000084900000|  0%| F|  |TAMS 0x0000000084800000, 0x0000000084800000| Untracked 
|  43|0x0000000084900000, 0x0000000084900000, 0x0000000084a00000|  0%| F|  |TAMS 0x0000000084900000, 0x0000000084900000| Untracked 
|  44|0x0000000084a00000, 0x0000000084a00000, 0x0000000084b00000|  0%| F|  |TAMS 0x0000000084a00000, 0x0000000084a00000| Untracked 
|  45|0x0000000084b00000, 0x0000000084b00000, 0x0000000084c00000|  0%| F|  |TAMS 0x0000000084b00000, 0x0000000084b00000| Untracked 
|  46|0x0000000084c00000, 0x0000000084c00000, 0x0000000084d00000|  0%| F|  |TAMS 0x0000000084c00000, 0x0000000084c00000| Untracked 
|  47|0x0000000084d00000, 0x0000000084d00000, 0x0000000084e00000|  0%| F|  |TAMS 0x0000000084d00000, 0x0000000084d00000| Untracked 
|  48|0x0000000084e00000, 0x0000000084e00000, 0x0000000084f00000|  0%| F|  |TAMS 0x0000000084e00000, 0x0000000084e00000| Untracked 
|  49|0x0000000084f00000, 0x0000000084f00000, 0x0000000085000000|  0%| F|  |TAMS 0x0000000084f00000, 0x0000000084f00000| Untracked 
|  50|0x0000000085000000, 0x0000000085000000, 0x0000000085100000|  0%| F|  |TAMS 0x0000000085000000, 0x0000000085000000| Untracked 
|  51|0x0000000085100000, 0x0000000085100000, 0x0000000085200000|  0%| F|  |TAMS 0x0000000085100000, 0x0000000085100000| Untracked 
|  52|0x0000000085200000, 0x0000000085200000, 0x0000000085300000|  0%| F|  |TAMS 0x0000000085200000, 0x0000000085200000| Untracked 
|  53|0x0000000085300000, 0x0000000085300000, 0x0000000085400000|  0%| F|  |TAMS 0x0000000085300000, 0x0000000085300000| Untracked 
|  54|0x0000000085400000, 0x0000000085400000, 0x0000000085500000|  0%| F|  |TAMS 0x0000000085400000, 0x0000000085400000| Untracked 
|  55|0x0000000085500000, 0x0000000085500000, 0x0000000085600000|  0%| F|  |TAMS 0x0000000085500000, 0x0000000085500000| Untracked 
|  56|0x0000000085600000, 0x0000000085600000, 0x0000000085700000|  0%| F|  |TAMS 0x0000000085600000, 0x0000000085600000| Untracked 
|  57|0x0000000085700000, 0x0000000085700000, 0x0000000085800000|  0%| F|  |TAMS 0x0000000085700000, 0x0000000085700000| Untracked 
|  58|0x0000000085800000, 0x0000000085800000, 0x0000000085900000|  0%| F|  |TAMS 0x0000000085800000, 0x0000000085800000| Untracked 
|  59|0x0000000085900000, 0x0000000085900000, 0x0000000085a00000|  0%| F|  |TAMS 0x0000000085900000, 0x0000000085900000| Untracked 
|  60|0x0000000085a00000, 0x0000000085a00000, 0x0000000085b00000|  0%| F|  |TAMS 0x0000000085a00000, 0x0000000085a00000| Untracked 
|  61|0x0000000085b00000, 0x0000000085b19cf8, 0x0000000085c00000| 10%| S|CS|TAMS 0x0000000085b00000, 0x0000000085b00000| Complete 
|  62|0x0000000085c00000, 0x0000000085c00000, 0x0000000085d00000|  0%| F|  |TAMS 0x0000000085c00000, 0x0000000085c00000| Untracked 
|  63|0x0000000085d00000, 0x0000000085d00000, 0x0000000085e00000|  0%| F|  |TAMS 0x0000000085d00000, 0x0000000085d00000| Untracked 
|  64|0x0000000085e00000, 0x0000000085e00000, 0x0000000085f00000|  0%| F|  |TAMS 0x0000000085e00000, 0x0000000085e00000| Untracked 
|  65|0x0000000085f00000, 0x0000000085f00000, 0x0000000086000000|  0%| F|  |TAMS 0x0000000085f00000, 0x0000000085f00000| Untracked 
|  66|0x0000000086000000, 0x0000000086000000, 0x0000000086100000|  0%| F|  |TAMS 0x0000000086000000, 0x0000000086000000| Untracked 
|  67|0x0000000086100000, 0x0000000086100000, 0x0000000086200000|  0%| F|  |TAMS 0x0000000086100000, 0x0000000086100000| Untracked 
|  68|0x0000000086200000, 0x0000000086200000, 0x0000000086300000|  0%| F|  |TAMS 0x0000000086200000, 0x0000000086200000| Untracked 
|  69|0x0000000086300000, 0x0000000086300000, 0x0000000086400000|  0%| F|  |TAMS 0x0000000086300000, 0x0000000086300000| Untracked 
|  70|0x0000000086400000, 0x0000000086400000, 0x0000000086500000|  0%| F|  |TAMS 0x0000000086400000, 0x0000000086400000| Untracked 
|  71|0x0000000086500000, 0x0000000086500000, 0x0000000086600000|  0%| F|  |TAMS 0x0000000086500000, 0x0000000086500000| Untracked 
|  72|0x0000000086600000, 0x0000000086600000, 0x0000000086700000|  0%| F|  |TAMS 0x0000000086600000, 0x0000000086600000| Untracked 

Card table byte_map: [0x00000235704e0000,0x00000235708e0000] _byte_map_base: 0x00000235700d1000

Marking Bits (Prev, Next): (CMBitMap*) 0x000002355de8b630, (CMBitMap*) 0x000002355de8b5f0
 Prev Bits: [0x0000023572c70000, 0x0000023574bf8000)
 Next Bits: [0x0000023570ce0000, 0x0000023572c68000)

Polling page: 0x000002355bd10000

Metaspace:

Usage:
  Non-class:     34.77 MB used.
      Class:      4.84 MB used.
       Both:     39.61 MB used.

Virtual space:
  Non-class space:       40.00 MB reserved,      35.00 MB ( 88%) committed,  5 nodes.
      Class space:        1.00 GB reserved,       5.06 MB ( <1%) committed,  1 nodes.
             Both:        1.04 GB reserved,      40.06 MB (  4%) committed. 

Chunk freelists:
   Non-Class:  624.00 KB
       Class:  2.93 MB
        Both:  3.54 MB

MaxMetaspaceSize: unlimited
CompressedClassSpaceSize: 1.00 GB
Initial GC threshold: 21.00 MB
Current GC threshold: 66.81 MB
CDS: off
MetaspaceReclaimPolicy: balanced
 - commit_granule_bytes: 65536.
 - commit_granule_words: 8192.
 - virtual_space_node_default_size: 1048576.
 - enlarge_chunks_in_place: 1.
 - new_chunks_are_fully_committed: 0.
 - uncommit_free_chunks: 1.
 - use_allocation_guard: 0.
 - handle_deallocations: 1.


Internal statistics:

num_allocs_failed_limit: 6.
num_arena_births: 520.
num_arena_deaths: 0.
num_vsnodes_births: 6.
num_vsnodes_deaths: 0.
num_space_committed: 641.
num_space_uncommitted: 0.
num_chunks_returned_to_freelist: 6.
num_chunks_taken_from_freelist: 1712.
num_chunk_merges: 6.
num_chunk_splits: 1146.
num_chunks_enlarged: 851.
num_purges: 0.
num_inconsistent_stats: 0.

CodeHeap 'non-profiled nmethods': size=120064Kb used=2764Kb max_used=3125Kb free=117299Kb
 bounds [0x0000023568fa0000, 0x00000235692b0000, 0x00000235704e0000]
CodeHeap 'profiled nmethods': size=120000Kb used=9312Kb max_used=11534Kb free=110688Kb
 bounds [0x0000023561a70000, 0x00000235625c0000, 0x0000023568fa0000]
CodeHeap 'non-nmethods': size=5696Kb used=1233Kb max_used=1283Kb free=4462Kb
 bounds [0x00000235614e0000, 0x0000023561750000, 0x0000023561a70000]
 total_blobs=5218 nmethods=4689 adapters=441
 compilation: enabled
              stopped_count=0, restarted_count=0
 full_count=0

Compilation events (20 events):
Event: 20.695 Thread 0x000002357701e9e0 nmethod 5567 0x0000023561b0c590 code [0x0000023561b0c840, 0x0000023561b0d668]
Event: 20.698 Thread 0x000002357701e9e0 5568       3       org.springframework.core.annotation.TypeMappedAnnotations$MergedAnnotationFinder::doWithAnnotations (10 bytes)
Event: 20.698 Thread 0x000002357701e9e0 nmethod 5568 0x0000023561dc2b10 code [0x0000023561dc2cc0, 0x0000023561dc2e08]
Event: 20.702 Thread 0x000002357701e9e0 5569       3       java.lang.invoke.MethodHandles::argumentsWithCombiner (130 bytes)
Event: 20.703 Thread 0x000002357701e9e0 nmethod 5569 0x0000023561c63c90 code [0x0000023561c63f40, 0x0000023561c64db8]
Event: 20.723 Thread 0x000002357701be90 nmethod 5562 0x00000235690d5f90 code [0x00000235690d62c0, 0x00000235690d7ca8]
Event: 20.723 Thread 0x000002357701be90 5564       4       org.springframework.core.annotation.MergedAnnotationsCollection$AnnotationsSpliterator::tryAdvance (116 bytes)
Event: 20.725 Thread 0x000002357701e9e0 5571   !   3       java.util.jar.Attributes::read (530 bytes)
Event: 20.728 Thread 0x000002357701e9e0 nmethod 5571 0x000002356214da10 code [0x000002356214e200, 0x00000235621520c8]
Event: 20.729 Thread 0x000002357701e9e0 5572       3       java.util.jar.Manifest$FastInputStream::readLine (296 bytes)
Event: 20.730 Thread 0x000002357701e9e0 nmethod 5572 0x0000023561b65690 code [0x0000023561b658c0, 0x0000023561b661c8]
Event: 20.737 Thread 0x000002357701be90 nmethod 5564 0x0000023568ff3a90 code [0x0000023568ff3ce0, 0x0000023568ff4a30]
Event: 20.737 Thread 0x000002357701be90 5570       4       java.util.concurrent.ConcurrentHashMap$EntryIterator::next (5 bytes)
Event: 20.741 Thread 0x000002357701be90 nmethod 5570 0x000002356904b610 code [0x000002356904b7a0, 0x000002356904bc58]
Event: 20.744 Thread 0x000002357701be90 5573       4       java.util.jar.Manifest$FastInputStream::readLine (9 bytes)
Event: 20.752 Thread 0x000002357701be90 nmethod 5573 0x00000235690a8010 code [0x00000235690a81c0, 0x00000235690a88b8]
Event: 20.756 Thread 0x000002357701be90 5574       4       java.util.jar.Manifest$FastInputStream::peek (38 bytes)
Event: 20.756 Thread 0x000002357701be90 nmethod 5574 0x0000023569000c90 code [0x0000023569000e00, 0x0000023569000ed8]
Event: 20.763 Thread 0x000002357701e9e0 5575       3       org.springframework.boot.autoconfigure.condition.ConditionMessage$Style$2::applyToItem (6 bytes)
Event: 20.764 Thread 0x000002357701e9e0 nmethod 5575 0x00000235621fb090 code [0x00000235621fb400, 0x00000235621fcab8]

GC Heap History (20 events):
Event: 13.746 GC heap after
{Heap after GC invocations=13 (full 0):
 garbage-first heap   total 40960K, used 18372K [0x0000000081e00000, 0x0000000100000000)
  region size 1024K, 3 young (3072K), 3 survivors (3072K)
 Metaspace       used 36778K, committed 37120K, reserved 1089536K
  class space    used 4518K, committed 4672K, reserved 1048576K
}
Event: 13.791 GC heap before
{Heap before GC invocations=13 (full 0):
 garbage-first heap   total 40960K, used 19396K [0x0000000081e00000, 0x0000000100000000)
  region size 1024K, 4 young (4096K), 3 survivors (3072K)
 Metaspace       used 36826K, committed 37120K, reserved 1089536K
  class space    used 4519K, committed 4672K, reserved 1048576K
}
Event: 13.797 GC heap after
{Heap after GC invocations=14 (full 0):
 garbage-first heap   total 40960K, used 18608K [0x0000000081e00000, 0x0000000100000000)
  region size 1024K, 1 young (1024K), 1 survivors (1024K)
 Metaspace       used 36826K, committed 37120K, reserved 1089536K
  class space    used 4519K, committed 4672K, reserved 1048576K
}
Event: 14.167 GC heap before
{Heap before GC invocations=14 (full 0):
 garbage-first heap   total 40960K, used 30896K [0x0000000081e00000, 0x0000000100000000)
  region size 1024K, 13 young (13312K), 1 survivors (1024K)
 Metaspace       used 38644K, committed 38976K, reserved 1089536K
  class space    used 4758K, committed 4928K, reserved 1048576K
}
Event: 14.172 GC heap after
{Heap after GC invocations=15 (full 0):
 garbage-first heap   total 49152K, used 19114K [0x0000000081e00000, 0x0000000100000000)
  region size 1024K, 1 young (1024K), 1 survivors (1024K)
 Metaspace       used 38644K, committed 38976K, reserved 1089536K
  class space    used 4758K, committed 4928K, reserved 1048576K
}
Event: 15.493 GC heap before
{Heap before GC invocations=15 (full 0):
 garbage-first heap   total 49152K, used 36522K [0x0000000081e00000, 0x0000000100000000)
  region size 1024K, 19 young (19456K), 1 survivors (1024K)
 Metaspace       used 39923K, committed 40384K, reserved 1089536K
  class space    used 4916K, committed 5120K, reserved 1048576K
}
Event: 15.498 GC heap after
{Heap after GC invocations=16 (full 0):
 garbage-first heap   total 49152K, used 20499K [0x0000000081e00000, 0x0000000100000000)
  region size 1024K, 3 young (3072K), 3 survivors (3072K)
 Metaspace       used 39923K, committed 40384K, reserved 1089536K
  class space    used 4916K, committed 5120K, reserved 1048576K
}
Event: 15.944 GC heap before
{Heap before GC invocations=16 (full 0):
 garbage-first heap   total 49152K, used 36883K [0x0000000081e00000, 0x0000000100000000)
  region size 1024K, 20 young (20480K), 3 survivors (3072K)
 Metaspace       used 40154K, committed 40576K, reserved 1089536K
  class space    used 4919K, committed 5120K, reserved 1048576K
}
Event: 15.949 GC heap after
{Heap after GC invocations=17 (full 0):
 garbage-first heap   total 49152K, used 21482K [0x0000000081e00000, 0x0000000100000000)
  region size 1024K, 3 young (3072K), 3 survivors (3072K)
 Metaspace       used 40154K, committed 40576K, reserved 1089536K
  class space    used 4919K, committed 5120K, reserved 1048576K
}
Event: 17.960 GC heap before
{Heap before GC invocations=17 (full 0):
 garbage-first heap   total 49152K, used 36842K [0x0000000081e00000, 0x0000000100000000)
  region size 1024K, 19 young (19456K), 3 survivors (3072K)
 Metaspace       used 40280K, committed 40704K, reserved 1089536K
  class space    used 4920K, committed 5120K, reserved 1048576K
}
Event: 17.965 GC heap after
{Heap after GC invocations=18 (full 0):
 garbage-first heap   total 49152K, used 22918K [0x0000000081e00000, 0x0000000100000000)
  region size 1024K, 3 young (3072K), 3 survivors (3072K)
 Metaspace       used 40280K, committed 40704K, reserved 1089536K
  class space    used 4920K, committed 5120K, reserved 1048576K
}
Event: 18.651 GC heap before
{Heap before GC invocations=18 (full 0):
 garbage-first heap   total 49152K, used 38278K [0x0000000081e00000, 0x0000000100000000)
  region size 1024K, 18 young (18432K), 3 survivors (3072K)
 Metaspace       used 40354K, committed 40768K, reserved 1089536K
  class space    used 4921K, committed 5120K, reserved 1048576K
}
Event: 18.655 GC heap after
{Heap after GC invocations=19 (full 0):
 garbage-first heap   total 49152K, used 23474K [0x0000000081e00000, 0x0000000100000000)
  region size 1024K, 2 young (2048K), 2 survivors (2048K)
 Metaspace       used 40354K, committed 40768K, reserved 1089536K
  class space    used 4921K, committed 5120K, reserved 1048576K
}
Event: 20.716 GC heap before
{Heap before GC invocations=19 (full 0):
 garbage-first heap   total 49152K, used 38834K [0x0000000081e00000, 0x0000000100000000)
  region size 1024K, 18 young (18432K), 2 survivors (2048K)
 Metaspace       used 40547K, committed 41024K, reserved 1089536K
  class space    used 4950K, committed 5184K, reserved 1048576K
}
Event: 20.721 GC heap after
{Heap after GC invocations=20 (full 0):
 garbage-first heap   total 49152K, used 23775K [0x0000000081e00000, 0x0000000100000000)
  region size 1024K, 2 young (2048K), 2 survivors (2048K)
 Metaspace       used 40547K, committed 41024K, reserved 1089536K
  class space    used 4950K, committed 5184K, reserved 1048576K
}
Event: 20.731 GC heap before
{Heap before GC invocations=20 (full 0):
 garbage-first heap   total 49152K, used 37087K [0x0000000081e00000, 0x0000000100000000)
  region size 1024K, 16 young (16384K), 2 survivors (2048K)
 Metaspace       used 40559K, committed 41024K, reserved 1089536K
  class space    used 4952K, committed 5184K, reserved 1048576K
}
Event: 20.736 GC heap after
{Heap after GC invocations=21 (full 0):
 garbage-first heap   total 49152K, used 24180K [0x0000000081e00000, 0x0000000100000000)
  region size 1024K, 1 young (1024K), 1 survivors (1024K)
 Metaspace       used 40559K, committed 41024K, reserved 1089536K
  class space    used 4952K, committed 5184K, reserved 1048576K
}
Event: 20.752 GC heap before
{Heap before GC invocations=21 (full 0):
 garbage-first heap   total 49152K, used 37492K [0x0000000081e00000, 0x0000000100000000)
  region size 1024K, 15 young (15360K), 1 survivors (1024K)
 Metaspace       used 40559K, committed 41024K, reserved 1089536K
  class space    used 4952K, committed 5184K, reserved 1048576K
}
Event: 20.753 GC heap after
{Heap after GC invocations=22 (full 0):
 garbage-first heap   total 49152K, used 23898K [0x0000000081e00000, 0x0000000100000000)
  region size 1024K, 1 young (1024K), 1 survivors (1024K)
 Metaspace       used 40559K, committed 41024K, reserved 1089536K
  class space    used 4952K, committed 5184K, reserved 1048576K
}
Event: 20.764 GC heap before
{Heap before GC invocations=22 (full 0):
 garbage-first heap   total 68608K, used 38234K [0x0000000081e00000, 0x0000000100000000)
  region size 1024K, 16 young (16384K), 1 survivors (1024K)
 Metaspace       used 40560K, committed 41024K, reserved 1089536K
  class space    used 4953K, committed 5184K, reserved 1048576K
}

Deoptimization events (20 events):
Event: 20.502 Thread 0x000002355de4b3f0 DEOPT PACKING pc=0x0000023568feb504 sp=0x000000da59cfb6a0
Event: 20.502 Thread 0x000002355de4b3f0 DEOPT UNPACKING pc=0x0000023561535c23 sp=0x000000da59cfb670 mode 2
Event: 20.502 Thread 0x000002355de4b3f0 Uncommon trap: trap_request=0xffffffc6 fr.pc=0x0000023568feb504 relative=0x0000000000001ae4
Event: 20.502 Thread 0x000002355de4b3f0 Uncommon trap: reason=bimorphic_or_optimized_type_check action=maybe_recompile pc=0x0000023568feb504 method=org.springframework.core.io.DefaultResourceLoader.getResource(Ljava/lang/String;)Lorg/springframework/core/io/Resource; @ 94 c2
Event: 20.502 Thread 0x000002355de4b3f0 DEOPT PACKING pc=0x0000023568feb504 sp=0x000000da59cfb6a0
Event: 20.502 Thread 0x000002355de4b3f0 DEOPT UNPACKING pc=0x0000023561535c23 sp=0x000000da59cfb670 mode 2
Event: 20.503 Thread 0x000002355de4b3f0 Uncommon trap: trap_request=0xffffffc6 fr.pc=0x0000023568feb504 relative=0x0000000000001ae4
Event: 20.503 Thread 0x000002355de4b3f0 Uncommon trap: reason=bimorphic_or_optimized_type_check action=maybe_recompile pc=0x0000023568feb504 method=org.springframework.core.io.DefaultResourceLoader.getResource(Ljava/lang/String;)Lorg/springframework/core/io/Resource; @ 94 c2
Event: 20.503 Thread 0x000002355de4b3f0 DEOPT PACKING pc=0x0000023568feb504 sp=0x000000da59cfb6a0
Event: 20.503 Thread 0x000002355de4b3f0 DEOPT UNPACKING pc=0x0000023561535c23 sp=0x000000da59cfb670 mode 2
Event: 20.729 Thread 0x000002355de4b3f0 Uncommon trap: trap_request=0xffffff45 fr.pc=0x0000023568fbbd44 relative=0x0000000000000684
Event: 20.729 Thread 0x000002355de4b3f0 Uncommon trap: reason=unstable_if action=reinterpret pc=0x0000023568fbbd44 method=java.util.jar.Manifest$FastInputStream.readLine([BII)I @ 130 c2
Event: 20.729 Thread 0x000002355de4b3f0 DEOPT PACKING pc=0x0000023568fbbd44 sp=0x000000da59cfa320
Event: 20.729 Thread 0x000002355de4b3f0 DEOPT UNPACKING pc=0x0000023561535c23 sp=0x000000da59cfa2b0 mode 2
Event: 20.730 Thread 0x000002355de4b3f0 DEOPT PACKING pc=0x0000023561b66068 sp=0x000000da59cfa320
Event: 20.730 Thread 0x000002355de4b3f0 DEOPT UNPACKING pc=0x0000023561536763 sp=0x000000da59cf97b0 mode 0
Event: 20.742 Thread 0x000002355de4b3f0 DEOPT PACKING pc=0x0000023561b66068 sp=0x000000da59cfa320
Event: 20.742 Thread 0x000002355de4b3f0 DEOPT UNPACKING pc=0x0000023561536763 sp=0x000000da59cf97b0 mode 0
Event: 20.743 Thread 0x000002355de4b3f0 DEOPT PACKING pc=0x0000023561b66068 sp=0x000000da59cfa320
Event: 20.743 Thread 0x000002355de4b3f0 DEOPT UNPACKING pc=0x0000023561536763 sp=0x000000da59cf97b0 mode 0

Classes unloaded (0 events):
No events

Classes redefined (0 events):
No events

Internal exceptions (20 events):
Event: 15.399 Thread 0x000002355de4b3f0 Exception <a 'sun/nio/fs/WindowsException'{0x0000000083e95df8}> (0x0000000083e95df8) 
thrown [e:\jenkins\tmp\workspace\build\src\src\hotspot\share\prims\jni.cpp, line 516]
Event: 15.880 Thread 0x000002355de4b3f0 Exception <a 'java/lang/NoClassDefFoundError'{0x0000000083f36a58}: liquibase/exception/ChangeLogParseException> (0x0000000083f36a58) 
thrown [e:\jenkins\tmp\workspace\build\src\src\hotspot\share\classfile\systemDictionary.cpp, line 245]
Event: 16.708 Thread 0x000002355de4b3f0 Exception <a 'java/lang/reflect/InvocationTargetException'{0x0000000084889ac8}> (0x0000000084889ac8) 
thrown [e:\jenkins\tmp\workspace\build\src\src\hotspot\share\runtime\reflection.cpp, line 1121]
Event: 16.731 Thread 0x000002355de4b3f0 Exception <a 'java/lang/reflect/InvocationTargetException'{0x00000000848c2240}> (0x00000000848c2240) 
thrown [e:\jenkins\tmp\workspace\build\src\src\hotspot\share\runtime\reflection.cpp, line 1121]
Event: 16.734 Thread 0x000002355de4b3f0 Exception <a 'java/lang/reflect/InvocationTargetException'{0x00000000848fa300}> (0x00000000848fa300) 
thrown [e:\jenkins\tmp\workspace\build\src\src\hotspot\share\runtime\reflection.cpp, line 1121]
Event: 16.747 Thread 0x000002355de4b3f0 Exception <a 'java/lang/reflect/InvocationTargetException'{0x0000000084732818}> (0x0000000084732818) 
thrown [e:\jenkins\tmp\workspace\build\src\src\hotspot\share\runtime\reflection.cpp, line 1121]
Event: 16.758 Thread 0x000002355de4b3f0 Exception <a 'java/lang/reflect/InvocationTargetException'{0x000000008476ab78}> (0x000000008476ab78) 
thrown [e:\jenkins\tmp\workspace\build\src\src\hotspot\share\runtime\reflection.cpp, line 1121]
Event: 16.769 Thread 0x000002355de4b3f0 Exception <a 'java/lang/reflect/InvocationTargetException'{0x00000000847a3220}> (0x00000000847a3220) 
thrown [e:\jenkins\tmp\workspace\build\src\src\hotspot\share\runtime\reflection.cpp, line 1121]
Event: 16.905 Thread 0x000002355de4b3f0 Exception <a 'java/lang/reflect/InvocationTargetException'{0x0000000084523f78}> (0x0000000084523f78) 
thrown [e:\jenkins\tmp\workspace\build\src\src\hotspot\share\runtime\reflection.cpp, line 1121]
Event: 17.398 Thread 0x000002355de4b3f0 Exception <a 'sun/nio/fs/WindowsException'{0x00000000843f5db0}> (0x00000000843f5db0) 
thrown [e:\jenkins\tmp\workspace\build\src\src\hotspot\share\prims\jni.cpp, line 516]
Event: 17.460 Thread 0x000002355de4b3f0 Exception <a 'sun/nio/fs/WindowsException'{0x0000000084225768}> (0x0000000084225768) 
thrown [e:\jenkins\tmp\workspace\build\src\src\hotspot\share\prims\jni.cpp, line 516]
Event: 18.612 Thread 0x000002355de4b3f0 Exception <a 'java/lang/NoClassDefFoundError'{0x00000000842ae470}: liquibase/exception/ChangeLogParseException> (0x00000000842ae470) 
thrown [e:\jenkins\tmp\workspace\build\src\src\hotspot\share\classfile\systemDictionary.cpp, line 245]
Event: 18.662 Thread 0x000002355de4b3f0 Exception <a 'java/lang/reflect/InvocationTargetException'{0x000000008667eed0}> (0x000000008667eed0) 
thrown [e:\jenkins\tmp\workspace\build\src\src\hotspot\share\runtime\reflection.cpp, line 1121]
Event: 18.665 Thread 0x000002355de4b3f0 Exception <a 'java/lang/reflect/InvocationTargetException'{0x00000000866b7630}> (0x00000000866b7630) 
thrown [e:\jenkins\tmp\workspace\build\src\src\hotspot\share\runtime\reflection.cpp, line 1121]
Event: 18.668 Thread 0x000002355de4b3f0 Exception <a 'java/lang/reflect/InvocationTargetException'{0x00000000866ef6c8}> (0x00000000866ef6c8) 
thrown [e:\jenkins\tmp\workspace\build\src\src\hotspot\share\runtime\reflection.cpp, line 1121]
Event: 18.672 Thread 0x000002355de4b3f0 Exception <a 'java/lang/reflect/InvocationTargetException'{0x0000000086527f10}> (0x0000000086527f10) 
thrown [e:\jenkins\tmp\workspace\build\src\src\hotspot\share\runtime\reflection.cpp, line 1121]
Event: 18.676 Thread 0x000002355de4b3f0 Exception <a 'java/lang/reflect/InvocationTargetException'{0x0000000086561148}> (0x0000000086561148) 
thrown [e:\jenkins\tmp\workspace\build\src\src\hotspot\share\runtime\reflection.cpp, line 1121]
Event: 18.694 Thread 0x000002355de4b3f0 Exception <a 'java/lang/reflect/InvocationTargetException'{0x000000008643f750}> (0x000000008643f750) 
thrown [e:\jenkins\tmp\workspace\build\src\src\hotspot\share\runtime\reflection.cpp, line 1121]
Event: 20.136 Thread 0x000002355de4b3f0 Exception <a 'sun/nio/fs/WindowsException'{0x00000000862d3ed0}> (0x00000000862d3ed0) 
thrown [e:\jenkins\tmp\workspace\build\src\src\hotspot\share\prims\jni.cpp, line 516]
Event: 20.139 Thread 0x000002355de4b3f0 Exception <a 'sun/nio/fs/WindowsException'{0x00000000848037e0}> (0x00000000848037e0) 
thrown [e:\jenkins\tmp\workspace\build\src\src\hotspot\share\prims\jni.cpp, line 516]

VM Operations (20 events):
Event: 18.252 Executing VM operation: ICBufferFull done
Event: 18.568 Executing VM operation: HandshakeAllThreads
Event: 18.618 Executing VM operation: HandshakeAllThreads done
Event: 18.650 Executing VM operation: G1CollectForAllocation
Event: 18.655 Executing VM operation: G1CollectForAllocation done
Event: 18.724 Executing VM operation: HandshakeAllThreads
Event: 18.780 Executing VM operation: HandshakeAllThreads done
Event: 19.230 Executing VM operation: ICBufferFull
Event: 19.232 Executing VM operation: ICBufferFull done
Event: 20.246 Executing VM operation: Cleanup
Event: 20.256 Executing VM operation: Cleanup done
Event: 20.709 Executing VM operation: G1CollectForAllocation
Event: 20.723 Executing VM operation: G1CollectForAllocation done
Event: 20.731 Executing VM operation: G1CollectForAllocation
Event: 20.741 Executing VM operation: G1CollectForAllocation done
Event: 20.752 Executing VM operation: G1CollectForAllocation
Event: 20.753 Executing VM operation: G1CollectForAllocation done
Event: 20.757 Executing VM operation: G1Concurrent
Event: 20.762 Executing VM operation: G1Concurrent done
Event: 20.764 Executing VM operation: G1CollectForAllocation

Events (20 events):
Event: 18.785 Thread 0x0000023577c83920 flushing nmethod 0x00000235622ae290
Event: 18.785 Thread 0x0000023577c83920 flushing nmethod 0x00000235622bc790
Event: 18.785 Thread 0x0000023577c83920 flushing nmethod 0x00000235622dc610
Event: 18.785 Thread 0x0000023577c83920 flushing nmethod 0x00000235622e6d90
Event: 18.785 Thread 0x0000023577c83920 flushing nmethod 0x00000235622ed190
Event: 18.785 Thread 0x0000023577c83920 flushing nmethod 0x00000235622f0e90
Event: 18.785 Thread 0x0000023577c83920 flushing nmethod 0x00000235622f5510
Event: 18.785 Thread 0x0000023577c83920 flushing nmethod 0x00000235622fb310
Event: 18.785 Thread 0x0000023577c83920 flushing nmethod 0x0000023562310390
Event: 18.785 Thread 0x0000023577c83920 flushing nmethod 0x000002356232a590
Event: 18.785 Thread 0x0000023577c83920 flushing nmethod 0x0000023562345490
Event: 18.785 Thread 0x0000023577c83920 flushing nmethod 0x0000023562347b10
Event: 18.785 Thread 0x0000023577c83920 flushing nmethod 0x000002356234bc10
Event: 18.785 Thread 0x0000023577c83920 flushing nmethod 0x000002356235ea90
Event: 18.785 Thread 0x0000023577c83920 flushing nmethod 0x0000023562361c10
Event: 18.785 Thread 0x0000023577c83920 flushing nmethod 0x000002356240d790
Event: 18.786 Thread 0x0000023577c83920 flushing nmethod 0x0000023562487710
Event: 18.786 Thread 0x0000023577c83920 flushing nmethod 0x00000235624f2410
Event: 18.786 Thread 0x0000023577c83920 flushing nmethod 0x00000235624f3d90
Event: 20.706 Thread 0x000002357a3f7430 Thread added: 0x000002357a3f7430


Dynamic libraries:
0x00007ff71cbf0000 - 0x00007ff71cbfe000 	D:\eclipse-jee\plugins\org.eclipse.justj.openjdk.hotspot.jre.full.win32.x86_64_17.0.1.v20211116-1657\jre\bin\java.exe
0x00007ffee3100000 - 0x00007ffee3360000 	C:\WINDOWS\SYSTEM32\ntdll.dll
0x00007ffee21b0000 - 0x00007ffee2277000 	C:\WINDOWS\System32\KERNEL32.DLL
0x00007ffee02e0000 - 0x00007ffee06aa000 	C:\WINDOWS\System32\KERNELBASE.dll
0x00007ffee0820000 - 0x00007ffee096b000 	C:\WINDOWS\System32\ucrtbase.dll
0x00007ffec16d0000 - 0x00007ffec16e8000 	D:\eclipse-jee\plugins\org.eclipse.justj.openjdk.hotspot.jre.full.win32.x86_64_17.0.1.v20211116-1657\jre\bin\jli.dll
0x00007ffee26e0000 - 0x00007ffee28ac000 	C:\WINDOWS\System32\USER32.dll
0x00007ffee0a30000 - 0x00007ffee0a57000 	C:\WINDOWS\System32\win32u.dll
0x00007ffee18b0000 - 0x00007ffee18da000 	C:\WINDOWS\System32\GDI32.dll
0x00007ffee0dc0000 - 0x00007ffee0ef1000 	C:\WINDOWS\System32\gdi32full.dll
0x00007ffee0c80000 - 0x00007ffee0d23000 	C:\WINDOWS\System32\msvcp_win.dll
0x00007ffec0e30000 - 0x00007ffec0e49000 	D:\eclipse-jee\plugins\org.eclipse.justj.openjdk.hotspot.jre.full.win32.x86_64_17.0.1.v20211116-1657\jre\bin\VCRUNTIME140.dll
0x00007ffecca80000 - 0x00007ffeccd17000 	C:\WINDOWS\WinSxS\amd64_microsoft.windows.common-controls_6595b64144ccf1df_6.0.26100.3624_none_3e086962e3345f24\COMCTL32.dll
0x00007ffee1530000 - 0x00007ffee15d9000 	C:\WINDOWS\System32\msvcrt.dll
0x00007ffee1400000 - 0x00007ffee142f000 	C:\WINDOWS\System32\IMM32.DLL
0x000002355bd20000 - 0x000002355bd36000 	C:\WINDOWS\System32\umppc20610.dll
0x000002355bd60000 - 0x000002355bd74000 	C:\WINDOWS\System32\CsXumd64_20610.dll
0x00007ffed7620000 - 0x00007ffed762c000 	D:\eclipse-jee\plugins\org.eclipse.justj.openjdk.hotspot.jre.full.win32.x86_64_17.0.1.v20211116-1657\jre\bin\vcruntime140_1.dll
0x00007ffea1c90000 - 0x00007ffea1d21000 	D:\eclipse-jee\plugins\org.eclipse.justj.openjdk.hotspot.jre.full.win32.x86_64_17.0.1.v20211116-1657\jre\bin\msvcp140.dll
0x00007ffe9a3c0000 - 0x00007ffe9b006000 	D:\eclipse-jee\plugins\org.eclipse.justj.openjdk.hotspot.jre.full.win32.x86_64_17.0.1.v20211116-1657\jre\bin\server\jvm.dll
0x00007ffee18e0000 - 0x00007ffee1992000 	C:\WINDOWS\System32\ADVAPI32.dll
0x00007ffee20d0000 - 0x00007ffee2176000 	C:\WINDOWS\System32\sechost.dll
0x00007ffee2de0000 - 0x00007ffee2ef6000 	C:\WINDOWS\System32\RPCRT4.dll
0x00007ffee1300000 - 0x00007ffee1308000 	C:\WINDOWS\System32\PSAPI.DLL
0x00007ffed1230000 - 0x00007ffed123a000 	C:\WINDOWS\SYSTEM32\WSOCK32.dll
0x00007ffee2470000 - 0x00007ffee24e4000 	C:\WINDOWS\System32\WS2_32.dll
0x00007ffec8ad0000 - 0x00007ffec8b06000 	C:\WINDOWS\SYSTEM32\WINMM.dll
0x00007ffed25c0000 - 0x00007ffed25cb000 	C:\WINDOWS\SYSTEM32\VERSION.dll
0x00007ffedefd0000 - 0x00007ffedefea000 	C:\WINDOWS\SYSTEM32\kernel.appcore.dll
0x00007ffec98e0000 - 0x00007ffec98ea000 	D:\eclipse-jee\plugins\org.eclipse.justj.openjdk.hotspot.jre.full.win32.x86_64_17.0.1.v20211116-1657\jre\bin\jimage.dll
0x00007ffeccd90000 - 0x00007ffeccfd1000 	C:\WINDOWS\SYSTEM32\DBGHELP.DLL
0x00007ffee0f70000 - 0x00007ffee12f2000 	C:\WINDOWS\System32\combase.dll
0x00007ffee1320000 - 0x00007ffee13f6000 	C:\WINDOWS\System32\OLEAUT32.dll
0x00007ffecb690000 - 0x00007ffecb6c9000 	C:\WINDOWS\SYSTEM32\dbgcore.DLL
0x00007ffee0be0000 - 0x00007ffee0c79000 	C:\WINDOWS\System32\bcryptPrimitives.dll
0x00007ffec4160000 - 0x00007ffec4185000 	D:\eclipse-jee\plugins\org.eclipse.justj.openjdk.hotspot.jre.full.win32.x86_64_17.0.1.v20211116-1657\jre\bin\java.dll
0x00007ffeae2b0000 - 0x00007ffeae2c8000 	D:\eclipse-jee\plugins\org.eclipse.justj.openjdk.hotspot.jre.full.win32.x86_64_17.0.1.v20211116-1657\jre\bin\zip.dll
0x00007ffee19a0000 - 0x00007ffee20c9000 	C:\WINDOWS\System32\SHELL32.dll
0x00007ffee06b0000 - 0x00007ffee0818000 	C:\WINDOWS\System32\wintypes.dll
0x00007ffeddc90000 - 0x00007ffede4e2000 	C:\WINDOWS\SYSTEM32\windows.storage.dll
0x00007ffee2280000 - 0x00007ffee236d000 	C:\WINDOWS\System32\SHCORE.dll
0x00007ffee0f00000 - 0x00007ffee0f64000 	C:\WINDOWS\System32\shlwapi.dll
0x00007ffee01f0000 - 0x00007ffee021f000 	C:\WINDOWS\SYSTEM32\profapi.dll
0x00007ffe9dba0000 - 0x00007ffe9dbb9000 	D:\eclipse-jee\plugins\org.eclipse.justj.openjdk.hotspot.jre.full.win32.x86_64_17.0.1.v20211116-1657\jre\bin\net.dll
0x00007ffedeff0000 - 0x00007ffedf10d000 	C:\WINDOWS\SYSTEM32\WINHTTP.dll
0x00007ffedf610000 - 0x00007ffedf67a000 	C:\WINDOWS\system32\mswsock.dll
0x00007ffe9c960000 - 0x00007ffe9c975000 	D:\eclipse-jee\plugins\org.eclipse.justj.openjdk.hotspot.jre.full.win32.x86_64_17.0.1.v20211116-1657\jre\bin\nio.dll
0x00007ffec2700000 - 0x00007ffec2709000 	D:\eclipse-jee\plugins\org.eclipse.justj.openjdk.hotspot.jre.full.win32.x86_64_17.0.1.v20211116-1657\jre\bin\management.dll
0x00007ffec26f0000 - 0x00007ffec26fb000 	D:\eclipse-jee\plugins\org.eclipse.justj.openjdk.hotspot.jre.full.win32.x86_64_17.0.1.v20211116-1657\jre\bin\management_ext.dll
0x00007ffed7480000 - 0x00007ffed748e000 	D:\eclipse-jee\plugins\org.eclipse.justj.openjdk.hotspot.jre.full.win32.x86_64_17.0.1.v20211116-1657\jre\bin\sunmscapi.dll
0x00007ffee0a60000 - 0x00007ffee0bd7000 	C:\WINDOWS\System32\CRYPT32.dll
0x00007ffedfab0000 - 0x00007ffedfae0000 	C:\WINDOWS\SYSTEM32\ncrypt.dll
0x00007ffedfa60000 - 0x00007ffedfa9f000 	C:\WINDOWS\SYSTEM32\NTASN1.dll

dbghelp: loaded successfully - version: 4.0.5 - missing functions: none
symbol engine: initialized successfully - sym options: 0x614 - pdb path: .;D:\eclipse-jee\plugins\org.eclipse.justj.openjdk.hotspot.jre.full.win32.x86_64_17.0.1.v20211116-1657\jre\bin;C:\WINDOWS\SYSTEM32;C:\WINDOWS\WinSxS\amd64_microsoft.windows.common-controls_6595b64144ccf1df_6.0.26100.3624_none_3e086962e3345f24;D:\eclipse-jee\plugins\org.eclipse.justj.openjdk.hotspot.jre.full.win32.x86_64_17.0.1.v20211116-1657\jre\bin\server

VM Arguments:
java_command: C:\Users\3207018\AppData\Local\Temp\surefire13658744456812505886\surefirebooter-20260514160438556_3.jar C:\Users\3207018\AppData\Local\Temp\surefire13658744456812505886 2026-05-14T16-04-38_198-jvmRun1 surefire-20260514160438556_1tmp surefire_0-20260514160438556_2tmp
java_class_path (initial): C:\Users\3207018\AppData\Local\Temp\surefire13658744456812505886\surefirebooter-20260514160438556_3.jar
Launcher Type: SUN_STANDARD

[Global flags]
     intx CICompilerCount                          = 2                                         {product} {ergonomic}
     uint ConcGCThreads                            = 1                                         {product} {ergonomic}
     uint G1ConcRefinementThreads                  = 2                                         {product} {ergonomic}
   size_t G1HeapRegionSize                         = 1048576                                   {product} {ergonomic}
    uintx GCDrainStackTargetSize                   = 64                                        {product} {ergonomic}
   size_t InitialHeapSize                          = 134217728                                 {product} {ergonomic}
   size_t MarkStackSize                            = 4194304                                   {product} {ergonomic}
   size_t MaxHeapSize                              = 2116026368                                {product} {ergonomic}
   size_t MaxNewSize                               = 1268776960                                {product} {ergonomic}
   size_t MinHeapDeltaBytes                        = 1048576                                   {product} {ergonomic}
   size_t MinHeapSize                              = 8388608                                   {product} {ergonomic}
    uintx NonNMethodCodeHeapSize                   = 5826188                                {pd product} {ergonomic}
    uintx NonProfiledCodeHeapSize                  = 122916026                              {pd product} {ergonomic}
    uintx ProfiledCodeHeapSize                     = 122916026                              {pd product} {ergonomic}
    uintx ReservedCodeCacheSize                    = 251658240                              {pd product} {ergonomic}
     bool SegmentedCodeCache                       = true                                      {product} {ergonomic}
   size_t SoftMaxHeapSize                          = 2116026368                             {manageable} {ergonomic}
     bool UseCompressedClassPointers               = true                           {product lp64_product} {ergonomic}
     bool UseCompressedOops                        = true                           {product lp64_product} {ergonomic}
     bool UseG1GC                                  = true                                      {product} {ergonomic}
     bool UseLargePagesIndividualAllocation        = false                                  {pd product} {ergonomic}

Logging:
Log output configuration:
 #0: stdout all=warning uptime,level,tags
 #1: stderr all=off uptime,level,tags

Environment Variables:
JAVA_HOME=C:\Program Files\OpenLogic\jdk-17.0.12.7-hotspot
PATH=D:/eclipse-jee//plugins/org.eclipse.justj.openjdk.hotspot.jre.full.win32.x86_64_17.0.1.v20211116-1657/jre/bin/server;D:/eclipse-jee//plugins/org.eclipse.justj.openjdk.hotspot.jre.full.win32.x86_64_17.0.1.v20211116-1657/jre/bin;C:\Program Files\Python311\Scripts\;C:\Program Files\Python311\;C:\WINDOWS\system32;C:\WINDOWS;C:\WINDOWS\System32\Wbem;C:\WINDOWS\System32\WindowsPowerShell\v1.0\;C:\WINDOWS\System32\OpenSSH\;C:\Program Files\Git\cmd;C:\Temp\apache-tomcat-9.0.5-windows-x64\apache-tomcat-9.0.5\bin;C:\Temp\db-derby-10.17.1.0-bin\db-derby-10.17.1.0-bin\bin;C:\Program Files\nodejs\;C:\Program Files\Microsoft SQL Server\150\Tools\Binn\;C:\Users\controller\AppData\Roaming\npm;C:\Users\controller\AppData\Roaming\npm\node_modules\@angular\cli\bin;C:\Program Files\dotnet\;C:\Program Files\nodejs\node_modules\npm\bin;C:\Temp\apache-maven-3.9.8-bin 1\apache-maven-3.9.8\bin;C:\Program Files\OpenLogic\jdk-17.0.12.7-hotspot\bin;C:\Program Files\OpenLogic\jdk-17.0.12.7-hotspot\bin;C:\Temp\apache-maven-3.9.8-bin 1\apache-maven-3.9.8\bin;C:\Program Files\Microsoft VS Code\bin;C:\Program Files\ServiceNow\agent-client-collector\bin;C:\Program Files\ServiceNow\agent-client-collector\embedded\bin;C:\Users\3207018\AppData\Local\Microsoft\WindowsApps;;D:\eclipse-jee;
USERNAME=3207018
OS=Windows_NT
PROCESSOR_IDENTIFIER=Intel64 Family 6 Model 143 Stepping 4, GenuineIntel



---------------  S Y S T E M  ---------------

OS:
 Windows 10 , 64 bit Build 26100 (10.0.26100.3775)
OS uptime: 1 days 6:36 hours
KVM virtualization detected

CPU: total 2 (initial active 2) (2 cores per cpu, 1 threads per core) family 6 model 143 stepping 4 microcode 0x1, cx8, cmov, fxsr, mmx, 3dnowpref, sse, sse2, sse3, ssse3, sse4.1, sse4.2, popcnt, lzcnt, tsc, avx, avx2, aes, erms, clmul, bmi1, bmi2, adx, avx512f, avx512dq, avx512cd, avx512bw, avx512vl, sha, fma, vzeroupper, avx512_vpopcntdq, avx512_vpclmulqdq, avx512_vaes, avx512_vnni, clflush, clflushopt, clwb, avx512_vbmi2, avx512_vbmi, hv

Memory: 4k page, system-wide physical 8068M (974M free)
TotalPageFile size 13231M (AvailPageFile size 99M)
current process WorkingSet (physical memory assigned to process): 177M, peak: 183M
current process commit charge ("private bytes"): 222M, peak: 319M

vm_info: OpenJDK 64-Bit Server VM (17.0.1+12) for windows-amd64 JRE (17.0.1+12), built on Oct 20 2021 07:42:55 by "" with MS VC++ 16.7 (VS2019)

END.
